{
    "macro": {
        "all_cnt": 1,
        "passed_cnt": 0,
        "pass_rate": 0.0,
        "messages": [
            {
                "c_code": "#define _CBORG_BITSET_H",
                "original_rust_code": "pub(crate) macro_rules! _CBORG_BITSET_H { () => { cstr!(\"_CBORG_BITSET_H\") } }\npub(crate) use _CBORG_BITSET_H;",
                "optimized_rust_code": "pub(crate) macro_rules! _CBORG_BITSET_H { () => { cstr!(\"_CBORG_BITSET_H\") } }\npub(crate) use _CBORG_BITSET_H;",
                "original_error_msg": "    Checking my_proj v0.1.0 (/home/poil/\u684c\u9762/github/EvoC2rust_work/EvoC2rust/.tmp/created_project/bitset_0_run_001_1769079557112)\nerror: can't qualify macro_rules invocation with `pub(crate)`\n  --> src/src/include/cborg/bitset_h.rs:19:1\n   |\n19 | pub(crate) macro_rules! _CBORG_BITSET_H { () => { cstr!(\"_CBORG_BITSET_H\") } }\n   | ^^^^^^^^^^\n   |\nhelp: try exporting the macro\n   |\n19 - pub(crate) macro_rules! _CBORG_BITSET_H { () => { cstr!(\"_CBORG_BITSET_H\") } }\n19 + #[macro_export] macro_rules! _CBORG_BITSET_H { () => { cstr!(\"_CBORG_BITSET_H\") } }\n   |\n\nerror: could not compile `my_proj` (lib) due to 1 previous error\n",
                "optimized_error_msg": "    Checking my_proj v0.1.0 (/home/poil/\u684c\u9762/github/EvoC2rust_work/EvoC2rust/.tmp/created_project/bitset_0_run_001_1769079557392)\nerror: can't qualify macro_rules invocation with `pub(crate)`\n  --> src/src/include/cborg/bitset_h.rs:19:1\n   |\n19 | pub(crate) macro_rules! _CBORG_BITSET_H { () => { cstr!(\"_CBORG_BITSET_H\") } }\n   | ^^^^^^^^^^\n   |\nhelp: try exporting the macro\n   |\n19 - pub(crate) macro_rules! _CBORG_BITSET_H { () => { cstr!(\"_CBORG_BITSET_H\") } }\n19 + #[macro_export] macro_rules! _CBORG_BITSET_H { () => { cstr!(\"_CBORG_BITSET_H\") } }\n   |\n\nerror: could not compile `my_proj` (lib) due to 1 previous error\n"
            }
        ]
    },
    "macro_function": {
        "all_cnt": 3,
        "passed_cnt": 1,
        "pass_rate": 0.3333333333333333,
        "messages": [
            {
                "c_code": "#define __bitset_byte(idx) ((idx) >> 3)",
                "original_rust_code": "pub(crate) macro_rules! __bitset_byte {\n    ($idx:expr) => {\n        $idx >> 3\n    }\n}\npub(crate) use __bitset_byte;",
                "optimized_rust_code": "pub(crate) macro_rules! __bitset_byte {\n    ($idx:expr) => {\n        $idx >> 3\n    }\n}\npub(crate) use __bitset_byte;",
                "original_error_msg": "    Checking my_proj v0.1.0 (/home/poil/\u684c\u9762/github/EvoC2rust_work/EvoC2rust/.tmp/created_project/bitset_0_run_001_1769079557666)\nerror: can't qualify macro_rules invocation with `pub(crate)`\n  --> src/src/include/cborg/bitset_h.rs:24:1\n   |\n24 | pub(crate) macro_rules! __bitset_byte {\n   | ^^^^^^^^^^\n   |\nhelp: try exporting the macro\n   |\n24 - pub(crate) macro_rules! __bitset_byte {\n24 + #[macro_export] macro_rules! __bitset_byte {\n   |\n\nerror: could not compile `my_proj` (lib) due to 1 previous error\n",
                "optimized_error_msg": "    Checking my_proj v0.1.0 (/home/poil/\u684c\u9762/github/EvoC2rust_work/EvoC2rust/.tmp/created_project/bitset_0_run_001_1769079557942)\nerror: can't qualify macro_rules invocation with `pub(crate)`\n  --> src/src/include/cborg/bitset_h.rs:24:1\n   |\n24 | pub(crate) macro_rules! __bitset_byte {\n   | ^^^^^^^^^^\n   |\nhelp: try exporting the macro\n   |\n24 - pub(crate) macro_rules! __bitset_byte {\n24 + #[macro_export] macro_rules! __bitset_byte {\n   |\n\nerror: could not compile `my_proj` (lib) due to 1 previous error\n"
            },
            {
                "c_code": "#define __bitset_bit_mask(idx) (1 << ((idx)&0x7))",
                "original_rust_code": "pub(crate) macro_rules! __bitset_bit_mask { ($idx:expr) => { 1u32 << (($idx & 0x7) as u32) } }\npub(crate) use __bitset_bit_mask;",
                "optimized_rust_code": "pub(crate) macro_rules! __bitset_bit_mask { ($idx:expr) => { 1u32 << (($idx & 0x7) as u32) } }\npub(crate) use __bitset_bit_mask;",
                "original_error_msg": "    Checking my_proj v0.1.0 (/home/poil/\u684c\u9762/github/EvoC2rust_work/EvoC2rust/.tmp/created_project/bitset_0_run_001_1769079558074)\nerror: can't qualify macro_rules invocation with `pub(crate)`\n  --> src/src/include/cborg/bitset_h.rs:26:1\n   |\n26 | pub(crate) macro_rules! __bitset_bit_mask { ($idx:expr) => { 1u32 << (($idx & 0x7) as u32) } }\n   | ^^^^^^^^^^\n   |\nhelp: try exporting the macro\n   |\n26 - pub(crate) macro_rules! __bitset_bit_mask { ($idx:expr) => { 1u32 << (($idx & 0x7) as u32) } }\n26 + #[macro_export] macro_rules! __bitset_bit_mask { ($idx:expr) => { 1u32 << (($idx & 0x7) as u32) } }\n   |\n\nerror: could not compile `my_proj` (lib) due to 1 previous error\n",
                "optimized_error_msg": "    Checking my_proj v0.1.0 (/home/poil/\u684c\u9762/github/EvoC2rust_work/EvoC2rust/.tmp/created_project/bitset_0_run_001_1769079558354)\nerror: can't qualify macro_rules invocation with `pub(crate)`\n  --> src/src/include/cborg/bitset_h.rs:26:1\n   |\n26 | pub(crate) macro_rules! __bitset_bit_mask { ($idx:expr) => { 1u32 << (($idx & 0x7) as u32) } }\n   | ^^^^^^^^^^\n   |\nhelp: try exporting the macro\n   |\n26 - pub(crate) macro_rules! __bitset_bit_mask { ($idx:expr) => { 1u32 << (($idx & 0x7) as u32) } }\n26 + #[macro_export] macro_rules! __bitset_bit_mask { ($idx:expr) => { 1u32 << (($idx & 0x7) as u32) } }\n   |\n\nerror: could not compile `my_proj` (lib) due to 1 previous error\n"
            }
        ]
    },
    "definition": {
        "all_cnt": 1,
        "passed_cnt": 1,
        "pass_rate": 1.0,
        "messages": []
    },
    "dummy_function": {
        "all_cnt": 14,
        "passed_cnt": 0,
        "pass_rate": 0.0,
        "messages": [
            {
                "c_code": "bitset_t *cb_bitset_new(size_t nb_bits)\n{\n    bitset_t *bs = (bitset_t *)calloc(1, sizeof(bitset_t));\n    bs->array = (uint8_t *)calloc(__bitset_size(nb_bits), sizeof(uint8_t));\n    bs->size = nb_bits;\n    return bs;\n}",
                "original_rust_code": "pub fn cb_bitset_new(mut nb_bits: usize) -> Ptr<bitset_t> {\n    unimplemented!();\n}",
                "optimized_rust_code": "pub fn cb_bitset_new(mut nb_bits: usize) -> Ptr<bitset_t> {\n    unimplemented!();\n}",
                "original_error_msg": "    Checking my_proj v0.1.0 (/home/poil/\u684c\u9762/github/EvoC2rust_work/EvoC2rust/.tmp/created_project/bitset_0_run_001_1769079558632)\nerror[E0412]: cannot find type `bitset_t` in this scope\n --> src/src/bitset_c.rs:3:49\n  |\n3 | pub fn cb_bitset_new(mut nb_bits: usize) -> Ptr<bitset_t> {\n  |                                                 ^^^^^^^^ not found in this scope\n  |\nhelp: consider importing this struct\n  |\n1 + use crate::src::include::cborg::bitset_h::bitset_t;\n  |\n\nFor more information about this error, try `rustc --explain E0412`.\nerror: could not compile `my_proj` (lib) due to 1 previous error\n",
                "optimized_error_msg": "    Checking my_proj v0.1.0 (/home/poil/\u684c\u9762/github/EvoC2rust_work/EvoC2rust/.tmp/created_project/bitset_0_run_001_1769079558632)\nerror[E0412]: cannot find type `bitset_t` in this scope\n --> src/src/bitset_c.rs:3:49\n  |\n3 | pub fn cb_bitset_new(mut nb_bits: usize) -> Ptr<bitset_t> {\n  |                                                 ^^^^^^^^ not found in this scope\n  |\nhelp: consider importing this struct\n  |\n1 + use crate::src::include::cborg::bitset_h::bitset_t;\n  |\n\nFor more information about this error, try `rustc --explain E0412`.\nerror: could not compile `my_proj` (lib) due to 1 previous error\n"
            },
            {
                "c_code": "void cb_bitset_delete(bitset_t *bs)\n{\n    free(bs->array);\n    free(bs);\n}",
                "original_rust_code": "pub fn cb_bitset_delete(mut bs: Ptr<bitset_t>) {\n    unimplemented!();\n}",
                "optimized_rust_code": "pub fn cb_bitset_delete(mut bs: Ptr<bitset_t>) {\n    unimplemented!();\n}",
                "original_error_msg": "    Checking my_proj v0.1.0 (/home/poil/\u684c\u9762/github/EvoC2rust_work/EvoC2rust/.tmp/created_project/bitset_0_run_001_1769079558782)\nerror[E0412]: cannot find type `bitset_t` in this scope\n --> src/src/bitset_c.rs:5:37\n  |\n5 | pub fn cb_bitset_delete(mut bs: Ptr<bitset_t>) {\n  |                                     ^^^^^^^^ not found in this scope\n  |\nhelp: consider importing this struct\n  |\n1 + use crate::src::include::cborg::bitset_h::bitset_t;\n  |\n\nFor more information about this error, try `rustc --explain E0412`.\nerror: could not compile `my_proj` (lib) due to 1 previous error\n",
                "optimized_error_msg": "    Checking my_proj v0.1.0 (/home/poil/\u684c\u9762/github/EvoC2rust_work/EvoC2rust/.tmp/created_project/bitset_0_run_001_1769079558782)\nerror[E0412]: cannot find type `bitset_t` in this scope\n --> src/src/bitset_c.rs:5:37\n  |\n5 | pub fn cb_bitset_delete(mut bs: Ptr<bitset_t>) {\n  |                                     ^^^^^^^^ not found in this scope\n  |\nhelp: consider importing this struct\n  |\n1 + use crate::src::include::cborg::bitset_h::bitset_t;\n  |\n\nFor more information about this error, try `rustc --explain E0412`.\nerror: could not compile `my_proj` (lib) due to 1 previous error\n"
            },
            {
                "c_code": "size_t cb_bitset_count(bitset_t *bs)\n{\n    return (bs->flip ? (bs->size - bs->count) : bs->count);\n}",
                "original_rust_code": "pub fn cb_bitset_count(mut bs: Ptr<bitset_t>) -> usize {\n    unimplemented!();\n}",
                "optimized_rust_code": "pub fn cb_bitset_count(mut bs: Ptr<bitset_t>) -> usize {\n    unimplemented!();\n}",
                "original_error_msg": "    Checking my_proj v0.1.0 (/home/poil/\u684c\u9762/github/EvoC2rust_work/EvoC2rust/.tmp/created_project/bitset_0_run_001_1769079558930)\nerror[E0412]: cannot find type `bitset_t` in this scope\n --> src/src/bitset_c.rs:7:36\n  |\n7 | pub fn cb_bitset_count(mut bs: Ptr<bitset_t>) -> usize {\n  |                                    ^^^^^^^^ not found in this scope\n  |\nhelp: consider importing this struct\n  |\n1 + use crate::src::include::cborg::bitset_h::bitset_t;\n  |\n\nFor more information about this error, try `rustc --explain E0412`.\nerror: could not compile `my_proj` (lib) due to 1 previous error\n",
                "optimized_error_msg": "    Checking my_proj v0.1.0 (/home/poil/\u684c\u9762/github/EvoC2rust_work/EvoC2rust/.tmp/created_project/bitset_0_run_001_1769079558930)\nerror[E0412]: cannot find type `bitset_t` in this scope\n --> src/src/bitset_c.rs:7:36\n  |\n7 | pub fn cb_bitset_count(mut bs: Ptr<bitset_t>) -> usize {\n  |                                    ^^^^^^^^ not found in this scope\n  |\nhelp: consider importing this struct\n  |\n1 + use crate::src::include::cborg::bitset_h::bitset_t;\n  |\n\nFor more information about this error, try `rustc --explain E0412`.\nerror: could not compile `my_proj` (lib) due to 1 previous error\n"
            },
            {
                "c_code": "size_t cb_bitset_size(bitset_t *bs)\n{\n    return bs->size;\n}",
                "original_rust_code": "pub fn cb_bitset_size(mut bs: Ptr<bitset_t>) -> usize {\n    unimplemented!();\n}",
                "optimized_rust_code": "pub fn cb_bitset_size(mut bs: Ptr<bitset_t>) -> usize {\n    unimplemented!();\n}",
                "original_error_msg": "    Checking my_proj v0.1.0 (/home/poil/\u684c\u9762/github/EvoC2rust_work/EvoC2rust/.tmp/created_project/bitset_0_run_001_1769079559069)\nerror[E0412]: cannot find type `bitset_t` in this scope\n --> src/src/bitset_c.rs:9:35\n  |\n9 | pub fn cb_bitset_size(mut bs: Ptr<bitset_t>) -> usize {\n  |                                   ^^^^^^^^ not found in this scope\n  |\nhelp: consider importing this struct\n  |\n1 + use crate::src::include::cborg::bitset_h::bitset_t;\n  |\n\nFor more information about this error, try `rustc --explain E0412`.\nerror: could not compile `my_proj` (lib) due to 1 previous error\n",
                "optimized_error_msg": "    Checking my_proj v0.1.0 (/home/poil/\u684c\u9762/github/EvoC2rust_work/EvoC2rust/.tmp/created_project/bitset_0_run_001_1769079559069)\nerror[E0412]: cannot find type `bitset_t` in this scope\n --> src/src/bitset_c.rs:9:35\n  |\n9 | pub fn cb_bitset_size(mut bs: Ptr<bitset_t>) -> usize {\n  |                                   ^^^^^^^^ not found in this scope\n  |\nhelp: consider importing this struct\n  |\n1 + use crate::src::include::cborg::bitset_h::bitset_t;\n  |\n\nFor more information about this error, try `rustc --explain E0412`.\nerror: could not compile `my_proj` (lib) due to 1 previous error\n"
            },
            {
                "c_code": "bool cb_bitset_test(bitset_t *bs, size_t idx)\n{\n    return bs->flip ^ ((bs->array[__bitset_byte(idx)] & __bitset_bit_mask(idx)) != 0);\n}",
                "original_rust_code": "pub fn cb_bitset_test(mut bs: Ptr<bitset_t>, mut idx: usize) {\n    unimplemented!();\n}",
                "optimized_rust_code": "pub fn cb_bitset_test(mut bs: Ptr<bitset_t>, mut idx: usize) {\n    unimplemented!();\n}",
                "original_error_msg": "    Checking my_proj v0.1.0 (/home/poil/\u684c\u9762/github/EvoC2rust_work/EvoC2rust/.tmp/created_project/bitset_0_run_001_1769079559206)\nerror[E0412]: cannot find type `bitset_t` in this scope\n  --> src/src/bitset_c.rs:11:35\n   |\n11 | pub fn cb_bitset_test(mut bs: Ptr<bitset_t>, mut idx: usize) {\n   |                                   ^^^^^^^^ not found in this scope\n   |\nhelp: consider importing this struct\n   |\n1  + use crate::src::include::cborg::bitset_h::bitset_t;\n   |\n\nFor more information about this error, try `rustc --explain E0412`.\nerror: could not compile `my_proj` (lib) due to 1 previous error\n",
                "optimized_error_msg": "    Checking my_proj v0.1.0 (/home/poil/\u684c\u9762/github/EvoC2rust_work/EvoC2rust/.tmp/created_project/bitset_0_run_001_1769079559206)\nerror[E0412]: cannot find type `bitset_t` in this scope\n  --> src/src/bitset_c.rs:11:35\n   |\n11 | pub fn cb_bitset_test(mut bs: Ptr<bitset_t>, mut idx: usize) {\n   |                                   ^^^^^^^^ not found in this scope\n   |\nhelp: consider importing this struct\n   |\n1  + use crate::src::include::cborg::bitset_h::bitset_t;\n   |\n\nFor more information about this error, try `rustc --explain E0412`.\nerror: could not compile `my_proj` (lib) due to 1 previous error\n"
            },
            {
                "c_code": "bool cb_bitset_any(bitset_t *bs)\n{\n    return (bs->flip ? (bs->count != bs->size) : (bs->count != 0));\n}",
                "original_rust_code": "pub fn cb_bitset_any(mut bs: Ptr<bitset_t>) -> bool {\n    unimplemented!();\n}",
                "optimized_rust_code": "pub fn cb_bitset_any(mut bs: Ptr<bitset_t>) -> bool {\n    unimplemented!();\n}",
                "original_error_msg": "    Checking my_proj v0.1.0 (/home/poil/\u684c\u9762/github/EvoC2rust_work/EvoC2rust/.tmp/created_project/bitset_0_run_001_1769079559349)\nerror[E0412]: cannot find type `bitset_t` in this scope\n  --> src/src/bitset_c.rs:13:34\n   |\n13 | pub fn cb_bitset_any(mut bs: Ptr<bitset_t>) -> bool {\n   |                                  ^^^^^^^^ not found in this scope\n   |\nhelp: consider importing this struct\n   |\n1  + use crate::src::include::cborg::bitset_h::bitset_t;\n   |\n\nFor more information about this error, try `rustc --explain E0412`.\nerror: could not compile `my_proj` (lib) due to 1 previous error\n",
                "optimized_error_msg": "    Checking my_proj v0.1.0 (/home/poil/\u684c\u9762/github/EvoC2rust_work/EvoC2rust/.tmp/created_project/bitset_0_run_001_1769079559349)\nerror[E0412]: cannot find type `bitset_t` in this scope\n  --> src/src/bitset_c.rs:13:34\n   |\n13 | pub fn cb_bitset_any(mut bs: Ptr<bitset_t>) -> bool {\n   |                                  ^^^^^^^^ not found in this scope\n   |\nhelp: consider importing this struct\n   |\n1  + use crate::src::include::cborg::bitset_h::bitset_t;\n   |\n\nFor more information about this error, try `rustc --explain E0412`.\nerror: could not compile `my_proj` (lib) due to 1 previous error\n"
            },
            {
                "c_code": "bool cb_bitset_none(bitset_t *bs)\n{\n    return !(cb_bitset_any(bs));\n}",
                "original_rust_code": "pub fn cb_bitset_none(mut bs: Ptr<bitset_t>) -> bool {\n    unimplemented!();\n}",
                "optimized_rust_code": "pub fn cb_bitset_none(mut bs: Ptr<bitset_t>) -> bool {\n    unimplemented!();\n}",
                "original_error_msg": "    Checking my_proj v0.1.0 (/home/poil/\u684c\u9762/github/EvoC2rust_work/EvoC2rust/.tmp/created_project/bitset_0_run_001_1769079559497)\nerror[E0412]: cannot find type `bitset_t` in this scope\n  --> src/src/bitset_c.rs:15:35\n   |\n15 | pub fn cb_bitset_none(mut bs: Ptr<bitset_t>) -> bool {\n   |                                   ^^^^^^^^ not found in this scope\n   |\nhelp: consider importing this struct\n   |\n1  + use crate::src::include::cborg::bitset_h::bitset_t;\n   |\n\nFor more information about this error, try `rustc --explain E0412`.\nerror: could not compile `my_proj` (lib) due to 1 previous error\n",
                "optimized_error_msg": "    Checking my_proj v0.1.0 (/home/poil/\u684c\u9762/github/EvoC2rust_work/EvoC2rust/.tmp/created_project/bitset_0_run_001_1769079559497)\nerror[E0412]: cannot find type `bitset_t` in this scope\n  --> src/src/bitset_c.rs:15:35\n   |\n15 | pub fn cb_bitset_none(mut bs: Ptr<bitset_t>) -> bool {\n   |                                   ^^^^^^^^ not found in this scope\n   |\nhelp: consider importing this struct\n   |\n1  + use crate::src::include::cborg::bitset_h::bitset_t;\n   |\n\nFor more information about this error, try `rustc --explain E0412`.\nerror: could not compile `my_proj` (lib) due to 1 previous error\n"
            },
            {
                "c_code": "bool cb_bitset_all(bitset_t *bs)\n{\n    return (bs->flip ? (bs->count == 0) : (bs->count == bs->size));\n}",
                "original_rust_code": "pub fn cb_bitset_all(mut bs: Ptr<bitset_t>) -> bool {\n    unimplemented!();\n}",
                "optimized_rust_code": "pub fn cb_bitset_all(mut bs: Ptr<bitset_t>) -> bool {\n    unimplemented!();\n}",
                "original_error_msg": "    Checking my_proj v0.1.0 (/home/poil/\u684c\u9762/github/EvoC2rust_work/EvoC2rust/.tmp/created_project/bitset_0_run_001_1769079559635)\nerror[E0412]: cannot find type `bitset_t` in this scope\n  --> src/src/bitset_c.rs:17:34\n   |\n17 | pub fn cb_bitset_all(mut bs: Ptr<bitset_t>) -> bool {\n   |                                  ^^^^^^^^ not found in this scope\n   |\nhelp: consider importing this struct\n   |\n1  + use crate::src::include::cborg::bitset_h::bitset_t;\n   |\n\nFor more information about this error, try `rustc --explain E0412`.\nerror: could not compile `my_proj` (lib) due to 1 previous error\n",
                "optimized_error_msg": "    Checking my_proj v0.1.0 (/home/poil/\u684c\u9762/github/EvoC2rust_work/EvoC2rust/.tmp/created_project/bitset_0_run_001_1769079559635)\nerror[E0412]: cannot find type `bitset_t` in this scope\n  --> src/src/bitset_c.rs:17:34\n   |\n17 | pub fn cb_bitset_all(mut bs: Ptr<bitset_t>) -> bool {\n   |                                  ^^^^^^^^ not found in this scope\n   |\nhelp: consider importing this struct\n   |\n1  + use crate::src::include::cborg::bitset_h::bitset_t;\n   |\n\nFor more information about this error, try `rustc --explain E0412`.\nerror: could not compile `my_proj` (lib) due to 1 previous error\n"
            },
            {
                "c_code": "void cb_bitset_set(bitset_t *bs, size_t idx, bool value)\n{\n    bool flip_value = bs->flip ? !value : value;\n    size_t previous_count = __builtin_popcount(bs->array[__bitset_byte(idx)]);\n    if (flip_value)\n    {\n        bs->array[__bitset_byte(idx)] |= __bitset_bit_mask(idx);\n    }\n    else\n    {\n        bs->array[__bitset_byte(idx)] &= ~__bitset_bit_mask(idx);\n    }\n    bs->count += (__builtin_popcount(bs->array[__bitset_byte(idx)]) - previous_count);\n}",
                "original_rust_code": "pub fn cb_bitset_set(mut bs: Ptr<bitset_t>, mut idx: usize, mut value: bool) {\n    unimplemented!();\n}",
                "optimized_rust_code": "pub fn cb_bitset_set(mut bs: Ptr<bitset_t>, mut idx: usize, mut value: bool) {\n    unimplemented!();\n}",
                "original_error_msg": "    Checking my_proj v0.1.0 (/home/poil/\u684c\u9762/github/EvoC2rust_work/EvoC2rust/.tmp/created_project/bitset_0_run_001_1769079559780)\nerror[E0412]: cannot find type `bitset_t` in this scope\n  --> src/src/bitset_c.rs:19:34\n   |\n19 | pub fn cb_bitset_set(mut bs: Ptr<bitset_t>, mut idx: usize, mut value: bool) {\n   |                                  ^^^^^^^^ not found in this scope\n   |\nhelp: consider importing this struct\n   |\n1  + use crate::src::include::cborg::bitset_h::bitset_t;\n   |\n\nFor more information about this error, try `rustc --explain E0412`.\nerror: could not compile `my_proj` (lib) due to 1 previous error\n",
                "optimized_error_msg": "    Checking my_proj v0.1.0 (/home/poil/\u684c\u9762/github/EvoC2rust_work/EvoC2rust/.tmp/created_project/bitset_0_run_001_1769079559780)\nerror[E0412]: cannot find type `bitset_t` in this scope\n  --> src/src/bitset_c.rs:19:34\n   |\n19 | pub fn cb_bitset_set(mut bs: Ptr<bitset_t>, mut idx: usize, mut value: bool) {\n   |                                  ^^^^^^^^ not found in this scope\n   |\nhelp: consider importing this struct\n   |\n1  + use crate::src::include::cborg::bitset_h::bitset_t;\n   |\n\nFor more information about this error, try `rustc --explain E0412`.\nerror: could not compile `my_proj` (lib) due to 1 previous error\n"
            },
            {
                "c_code": "void cb_bitset_reset(bitset_t *bs)\n{\n    memset(bs->array, 0, __bitset_size(bs->size));\n    bs->flip = false;\n    bs->count = 0;\n}",
                "original_rust_code": "pub fn cb_bitset_reset(mut bs: Ptr<bitset_t>) {\n    unimplemented!();\n}",
                "optimized_rust_code": "pub fn cb_bitset_reset(mut bs: Ptr<bitset_t>) {\n    unimplemented!();\n}",
                "original_error_msg": "    Checking my_proj v0.1.0 (/home/poil/\u684c\u9762/github/EvoC2rust_work/EvoC2rust/.tmp/created_project/bitset_0_run_001_1769079559921)\nerror[E0412]: cannot find type `bitset_t` in this scope\n  --> src/src/bitset_c.rs:21:36\n   |\n21 | pub fn cb_bitset_reset(mut bs: Ptr<bitset_t>) {\n   |                                    ^^^^^^^^ not found in this scope\n   |\nhelp: consider importing this struct\n   |\n1  + use crate::src::include::cborg::bitset_h::bitset_t;\n   |\n\nFor more information about this error, try `rustc --explain E0412`.\nerror: could not compile `my_proj` (lib) due to 1 previous error\n",
                "optimized_error_msg": "    Checking my_proj v0.1.0 (/home/poil/\u684c\u9762/github/EvoC2rust_work/EvoC2rust/.tmp/created_project/bitset_0_run_001_1769079559921)\nerror[E0412]: cannot find type `bitset_t` in this scope\n  --> src/src/bitset_c.rs:21:36\n   |\n21 | pub fn cb_bitset_reset(mut bs: Ptr<bitset_t>) {\n   |                                    ^^^^^^^^ not found in this scope\n   |\nhelp: consider importing this struct\n   |\n1  + use crate::src::include::cborg::bitset_h::bitset_t;\n   |\n\nFor more information about this error, try `rustc --explain E0412`.\nerror: could not compile `my_proj` (lib) due to 1 previous error\n"
            },
            {
                "c_code": "void cb_bitset_flip(bitset_t *bs)\n{\n    bs->flip = !(bs->flip);\n}",
                "original_rust_code": "pub fn cb_bitset_flip(mut bs: Ptr<bitset_t>) {\n    unimplemented!();\n}",
                "optimized_rust_code": "pub fn cb_bitset_flip(mut bs: Ptr<bitset_t>) {\n    unimplemented!();\n}",
                "original_error_msg": "    Checking my_proj v0.1.0 (/home/poil/\u684c\u9762/github/EvoC2rust_work/EvoC2rust/.tmp/created_project/bitset_0_run_001_1769079560065)\nerror[E0412]: cannot find type `bitset_t` in this scope\n  --> src/src/bitset_c.rs:23:35\n   |\n23 | pub fn cb_bitset_flip(mut bs: Ptr<bitset_t>) {\n   |                                   ^^^^^^^^ not found in this scope\n   |\nhelp: consider importing this struct\n   |\n1  + use crate::src::include::cborg::bitset_h::bitset_t;\n   |\n\nFor more information about this error, try `rustc --explain E0412`.\nerror: could not compile `my_proj` (lib) due to 1 previous error\n",
                "optimized_error_msg": "    Checking my_proj v0.1.0 (/home/poil/\u684c\u9762/github/EvoC2rust_work/EvoC2rust/.tmp/created_project/bitset_0_run_001_1769079560065)\nerror[E0412]: cannot find type `bitset_t` in this scope\n  --> src/src/bitset_c.rs:23:35\n   |\n23 | pub fn cb_bitset_flip(mut bs: Ptr<bitset_t>) {\n   |                                   ^^^^^^^^ not found in this scope\n   |\nhelp: consider importing this struct\n   |\n1  + use crate::src::include::cborg::bitset_h::bitset_t;\n   |\n\nFor more information about this error, try `rustc --explain E0412`.\nerror: could not compile `my_proj` (lib) due to 1 previous error\n"
            },
            {
                "c_code": "char *cb_bitset_to_string(bitset_t *bs)\n{\n    char *res = (char *)malloc(sizeof(char) * (bs->size + 1));\n    for (size_t i = 0; i < bs->size; i++)\n    {\n        res[i] = cb_bitset_test(bs, i) ? '1' : '0';\n    }\n    res[bs->size] = '\\0';\n    return res;\n}",
                "original_rust_code": "pub fn cb_bitset_to_string(mut bs: Ptr<bitset_t>) -> Ptr<u8> {\n    unimplemented!();\n}",
                "optimized_rust_code": "pub fn cb_bitset_to_string(mut bs: Ptr<bitset_t>) -> Ptr<u8> {\n    unimplemented!();\n}",
                "original_error_msg": "    Checking my_proj v0.1.0 (/home/poil/\u684c\u9762/github/EvoC2rust_work/EvoC2rust/.tmp/created_project/bitset_0_run_001_1769079560208)\nerror[E0412]: cannot find type `bitset_t` in this scope\n  --> src/src/bitset_c.rs:25:40\n   |\n25 | pub fn cb_bitset_to_string(mut bs: Ptr<bitset_t>) -> Ptr<u8> {\n   |                                        ^^^^^^^^ not found in this scope\n   |\nhelp: consider importing this struct\n   |\n1  + use crate::src::include::cborg::bitset_h::bitset_t;\n   |\n\nFor more information about this error, try `rustc --explain E0412`.\nerror: could not compile `my_proj` (lib) due to 1 previous error\n",
                "optimized_error_msg": "    Checking my_proj v0.1.0 (/home/poil/\u684c\u9762/github/EvoC2rust_work/EvoC2rust/.tmp/created_project/bitset_0_run_001_1769079560208)\nerror[E0412]: cannot find type `bitset_t` in this scope\n  --> src/src/bitset_c.rs:25:40\n   |\n25 | pub fn cb_bitset_to_string(mut bs: Ptr<bitset_t>) -> Ptr<u8> {\n   |                                        ^^^^^^^^ not found in this scope\n   |\nhelp: consider importing this struct\n   |\n1  + use crate::src::include::cborg::bitset_h::bitset_t;\n   |\n\nFor more information about this error, try `rustc --explain E0412`.\nerror: could not compile `my_proj` (lib) due to 1 previous error\n"
            },
            {
                "c_code": "void cb_bitset_write(bitset_t *bs, const char *path)\n{\n    FILE *file = fopen(path, \"wb\");\n    size_t bytes_to_write = __bitset_size(bs->size);\n    size_t bytes_writen = 0;\n    size_t total_writen = 0;\n\n    if (file == NULL)\n    {\n        fprintf(stdout, \"%s\\n\", strerror(errno));\n        exit(EXIT_FAILURE);\n    }\n\n    fwrite(&(bs->size), sizeof(size_t), 1, file);\n    fwrite(&(bs->count), sizeof(size_t), 1, file);\n    fwrite(&(bs->flip), sizeof(bool), 1, file);\n    while ((bytes_writen = fwrite(bs->array + total_writen, sizeof(uint8_t), bytes_to_write - total_writen, file)) > 0)\n    {\n        total_writen += bytes_writen;\n    }\n\n    fclose(file);\n}",
                "original_rust_code": "pub fn cb_bitset_write(mut bs: Ptr<bitset_t>, mut path: Ptr<u8>) {\n    unimplemented!();\n}",
                "optimized_rust_code": "pub fn cb_bitset_write(mut bs: Ptr<bitset_t>, mut path: Ptr<u8>) {\n    unimplemented!();\n}",
                "original_error_msg": "    Checking my_proj v0.1.0 (/home/poil/\u684c\u9762/github/EvoC2rust_work/EvoC2rust/.tmp/created_project/bitset_0_run_001_1769079560352)\nerror[E0412]: cannot find type `bitset_t` in this scope\n  --> src/src/bitset_c.rs:27:36\n   |\n27 | pub fn cb_bitset_write(mut bs: Ptr<bitset_t>, mut path: Ptr<u8>) {\n   |                                    ^^^^^^^^ not found in this scope\n   |\nhelp: consider importing this struct\n   |\n1  + use crate::src::include::cborg::bitset_h::bitset_t;\n   |\n\nFor more information about this error, try `rustc --explain E0412`.\nerror: could not compile `my_proj` (lib) due to 1 previous error\n",
                "optimized_error_msg": "    Checking my_proj v0.1.0 (/home/poil/\u684c\u9762/github/EvoC2rust_work/EvoC2rust/.tmp/created_project/bitset_0_run_001_1769079560352)\nerror[E0412]: cannot find type `bitset_t` in this scope\n  --> src/src/bitset_c.rs:27:36\n   |\n27 | pub fn cb_bitset_write(mut bs: Ptr<bitset_t>, mut path: Ptr<u8>) {\n   |                                    ^^^^^^^^ not found in this scope\n   |\nhelp: consider importing this struct\n   |\n1  + use crate::src::include::cborg::bitset_h::bitset_t;\n   |\n\nFor more information about this error, try `rustc --explain E0412`.\nerror: could not compile `my_proj` (lib) due to 1 previous error\n"
            },
            {
                "c_code": "bitset_t *cb_bitset_read(const char *path)\n{\n    FILE *file = fopen(path, \"rb\");\n    size_t size = 0;\n\n    if (file == NULL)\n    {\n        fprintf(stdout, \"%s\\n\", strerror(errno));\n        exit(EXIT_FAILURE);\n    }\n\n    fread(&size, sizeof(size_t), 1, file);\n    bitset_t *bs = cb_bitset_new(size);\n    fread(&(bs->count), sizeof(size_t), 1, file);\n    fread(&(bs->flip), sizeof(bool), 1, file);\n    while (fread(bs->array, sizeof(uint8_t), bs->size, file) > 0)\n        ;\n\n    fclose(file);\n    return bs;\n}",
                "original_rust_code": "pub fn cb_bitset_read(mut path: Ptr<u8>) -> Ptr<bitset_t> {\n    unimplemented!();\n}",
                "optimized_rust_code": "pub fn cb_bitset_read(mut path: Ptr<u8>) -> Ptr<bitset_t> {\n    unimplemented!();\n}",
                "original_error_msg": "    Checking my_proj v0.1.0 (/home/poil/\u684c\u9762/github/EvoC2rust_work/EvoC2rust/.tmp/created_project/bitset_0_run_001_1769079560494)\nerror[E0412]: cannot find type `bitset_t` in this scope\n  --> src/src/bitset_c.rs:29:49\n   |\n29 | pub fn cb_bitset_read(mut path: Ptr<u8>) -> Ptr<bitset_t> {\n   |                                                 ^^^^^^^^ not found in this scope\n   |\nhelp: consider importing this struct\n   |\n1  + use crate::src::include::cborg::bitset_h::bitset_t;\n   |\n\nFor more information about this error, try `rustc --explain E0412`.\nerror: could not compile `my_proj` (lib) due to 1 previous error\n",
                "optimized_error_msg": "    Checking my_proj v0.1.0 (/home/poil/\u684c\u9762/github/EvoC2rust_work/EvoC2rust/.tmp/created_project/bitset_0_run_001_1769079560494)\nerror[E0412]: cannot find type `bitset_t` in this scope\n  --> src/src/bitset_c.rs:29:49\n   |\n29 | pub fn cb_bitset_read(mut path: Ptr<u8>) -> Ptr<bitset_t> {\n   |                                                 ^^^^^^^^ not found in this scope\n   |\nhelp: consider importing this struct\n   |\n1  + use crate::src::include::cborg::bitset_h::bitset_t;\n   |\n\nFor more information about this error, try `rustc --explain E0412`.\nerror: could not compile `my_proj` (lib) due to 1 previous error\n"
            }
        ]
    },
    "function": {
        "all_cnt": 14,
        "passed_cnt": 0,
        "pass_rate": 0.0,
        "messages": [
            {
                "c_code": "bitset_t *cb_bitset_new(size_t nb_bits)\n{\n    bitset_t *bs = (bitset_t *)calloc(1, sizeof(bitset_t));\n    bs->array = (uint8_t *)calloc(__bitset_size(nb_bits), sizeof(uint8_t));\n    bs->size = nb_bits;\n    return bs;\n}",
                "original_rust_code": "pub fn cb_bitset_new(mut nb_bits: usize) -> Ptr<bitset_t> {\n    let mut bs: Ptr<bitset_t> = c_calloc!(1, c_sizeof!(bitset_t));\n    if (bs == NULL!()).as_bool() {\n        return NULL!();\n    }\n    let array_size = __BITSET_SIZE!(nb_bits);\n    let mut array: Ptr<u8> = c_calloc!(array_size, c_sizeof!(u8));\n    if (array == NULL!()).as_bool() {\n        return NULL!();\n    }\n    bs.array = array;\n    bs.size = nb_bits;\n    return bs;\n}",
                "optimized_rust_code": "pub fn cb_bitset_new(mut nb_bits: usize) -> Ptr<bitset_t> {\n    let mut bs: Ptr<bitset_t> = c_calloc!(1, c_sizeof!(bitset_t));\n    if (bs == NULL!()).as_bool() {\n        return NULL!();\n    }\n    let array_size = __BITSET_SIZE!(nb_bits);\n    let mut array: Ptr<u8> = c_calloc!(array_size, c_sizeof!(u8));\n    if (array == NULL!()).as_bool() {\n        return NULL!();\n    }\n    bs.array = array;\n    bs.size = nb_bits;\n    return bs;\n}",
                "original_error_msg": "    Checking my_proj v0.1.0 (/home/poil/\u684c\u9762/github/EvoC2rust_work/EvoC2rust/.tmp/created_project/bitset_0_run_001_1769079560634)\nerror: cannot find macro `__BITSET_SIZE` in this scope\n --> src/src/bitset_c.rs:8:22\n  |\n8 |     let array_size = __BITSET_SIZE!(nb_bits);\n  |                      ^^^^^^^^^^^^^\n\nerror[E0412]: cannot find type `bitset_t` in this scope\n --> src/src/bitset_c.rs:3:49\n  |\n3 | pub fn cb_bitset_new(mut nb_bits: usize) -> Ptr<bitset_t> {\n  |                                                 ^^^^^^^^ not found in this scope\n  |\nhelp: consider importing this struct\n  |\n1 + use crate::src::include::cborg::bitset_h::bitset_t;\n  |\n\nerror[E0412]: cannot find type `bitset_t` in this scope\n --> src/src/bitset_c.rs:4:21\n  |\n4 |     let mut bs: Ptr<bitset_t> = c_calloc!(1, c_sizeof!(bitset_t));\n  |                     ^^^^^^^^ not found in this scope\n  |\nhelp: consider importing this struct\n  |\n1 + use crate::src::include::cborg::bitset_h::bitset_t;\n  |\n\nerror[E0412]: cannot find type `bitset_t` in this scope\n --> src/src/bitset_c.rs:4:56\n  |\n4 |     let mut bs: Ptr<bitset_t> = c_calloc!(1, c_sizeof!(bitset_t));\n  |                                                        ^^^^^^^^ not found in this scope\n  |\nhelp: consider importing this struct\n  |\n1 + use crate::src::include::cborg::bitset_h::bitset_t;\n  |\n\nerror[E0277]: the trait bound `types::null::Null: cast_trait::CastInto<{type error}>` is not satisfied\n   --> src/translation_utils/types/null.rs:15:16\n    |\n15  |         Null().cast()\n    |                ^^^^ the trait `integer::Integer` is not implemented for `types::null::Null`\n    |\n   ::: src/src/bitset_c.rs:5:15\n    |\n5   |     if (bs == NULL!()).as_bool() {\n    |               ------- in this macro invocation\n    |\n    = help: the following other types implement trait `integer::Integer`:\n              bool\n              i128\n              i16\n              i32\n              i64\n              i8\n              isize\n              types::num::Num\n            and 6 others\nnote: required for `{type error}` to implement `cast_trait::CastFrom<types::null::Null>`\n   --> src/translation_utils/types/integer.rs:195:32\n    |\n195 | impl<I1: Integer, I2: Integer> CastFrom<I1> for I2 {\n    |          -------               ^^^^^^^^^^^^     ^^\n    |          |\n    |          unsatisfied trait bound introduced here\nnote: required for `types::null::Null` to implement `cast_trait::CastInto<{type error}>`\n   --> src/translation_utils/types/cast_trait.rs:11:14\n    |\n11  | impl<T1, T2> CastInto<T2> for T1\n    |              ^^^^^^^^^^^^     ^^\n12  | where\n13  |     T2: CastFrom<T1>,\n    |         ------------ unsatisfied trait bound introduced here\nnote: required by a bound in `cast_trait::CastIntoTyped::cast`\n   --> src/translation_utils/types/cast_trait.rs:23:15\n    |\n21  |     fn cast<T>(&mut self) -> T\n    |        ---- required by a bound in this associated function\n22  |     where\n23  |         Self: CastInto<T>,\n    |               ^^^^^^^^^^^ required by this bound in `CastIntoTyped::cast`\n    = note: this error originates in the macro `NULL` (in Nightly builds, run with -Z macro-backtrace for more info)\n\nSome errors have detailed explanations: E0277, E0412.\nFor more information about an error, try `rustc --explain E0277`.\nerror: could not compile `my_proj` (lib) due to 5 previous errors\n",
                "optimized_error_msg": "    Checking my_proj v0.1.0 (/home/poil/\u684c\u9762/github/EvoC2rust_work/EvoC2rust/.tmp/created_project/bitset_0_run_001_1769079560937)\nerror: cannot find macro `__BITSET_SIZE` in this scope\n --> src/src/bitset_c.rs:8:22\n  |\n8 |     let array_size = __BITSET_SIZE!(nb_bits);\n  |                      ^^^^^^^^^^^^^\n\nerror[E0412]: cannot find type `bitset_t` in this scope\n --> src/src/bitset_c.rs:3:49\n  |\n3 | pub fn cb_bitset_new(mut nb_bits: usize) -> Ptr<bitset_t> {\n  |                                                 ^^^^^^^^ not found in this scope\n  |\nhelp: consider importing this struct\n  |\n1 + use crate::src::include::cborg::bitset_h::bitset_t;\n  |\n\nerror[E0412]: cannot find type `bitset_t` in this scope\n --> src/src/bitset_c.rs:4:21\n  |\n4 |     let mut bs: Ptr<bitset_t> = c_calloc!(1, c_sizeof!(bitset_t));\n  |                     ^^^^^^^^ not found in this scope\n  |\nhelp: consider importing this struct\n  |\n1 + use crate::src::include::cborg::bitset_h::bitset_t;\n  |\n\nerror[E0412]: cannot find type `bitset_t` in this scope\n --> src/src/bitset_c.rs:4:56\n  |\n4 |     let mut bs: Ptr<bitset_t> = c_calloc!(1, c_sizeof!(bitset_t));\n  |                                                        ^^^^^^^^ not found in this scope\n  |\nhelp: consider importing this struct\n  |\n1 + use crate::src::include::cborg::bitset_h::bitset_t;\n  |\n\nerror[E0277]: the trait bound `types::null::Null: cast_trait::CastInto<{type error}>` is not satisfied\n   --> src/translation_utils/types/null.rs:15:16\n    |\n15  |         Null().cast()\n    |                ^^^^ the trait `integer::Integer` is not implemented for `types::null::Null`\n    |\n   ::: src/src/bitset_c.rs:5:15\n    |\n5   |     if (bs == NULL!()).as_bool() {\n    |               ------- in this macro invocation\n    |\n    = help: the following other types implement trait `integer::Integer`:\n              bool\n              i128\n              i16\n              i32\n              i64\n              i8\n              isize\n              types::num::Num\n            and 6 others\nnote: required for `{type error}` to implement `cast_trait::CastFrom<types::null::Null>`\n   --> src/translation_utils/types/integer.rs:195:32\n    |\n195 | impl<I1: Integer, I2: Integer> CastFrom<I1> for I2 {\n    |          -------               ^^^^^^^^^^^^     ^^\n    |          |\n    |          unsatisfied trait bound introduced here\nnote: required for `types::null::Null` to implement `cast_trait::CastInto<{type error}>`\n   --> src/translation_utils/types/cast_trait.rs:11:14\n    |\n11  | impl<T1, T2> CastInto<T2> for T1\n    |              ^^^^^^^^^^^^     ^^\n12  | where\n13  |     T2: CastFrom<T1>,\n    |         ------------ unsatisfied trait bound introduced here\nnote: required by a bound in `cast_trait::CastIntoTyped::cast`\n   --> src/translation_utils/types/cast_trait.rs:23:15\n    |\n21  |     fn cast<T>(&mut self) -> T\n    |        ---- required by a bound in this associated function\n22  |     where\n23  |         Self: CastInto<T>,\n    |               ^^^^^^^^^^^ required by this bound in `CastIntoTyped::cast`\n    = note: this error originates in the macro `NULL` (in Nightly builds, run with -Z macro-backtrace for more info)\n\nSome errors have detailed explanations: E0277, E0412.\nFor more information about an error, try `rustc --explain E0277`.\nerror: could not compile `my_proj` (lib) due to 5 previous errors\n"
            },
            {
                "c_code": "void cb_bitset_delete(bitset_t *bs)\n{\n    free(bs->array);\n    free(bs);\n}",
                "original_rust_code": "pub fn cb_bitset_delete(mut bs: Ptr<bitset_t>) {\n    c_free!(bs.array);\n    c_free!(bs);\n}",
                "optimized_rust_code": "pub fn cb_bitset_delete(mut bs: Ptr<bitset_t>) {\n    c_free!(bs.array);\n    c_free!(bs);\n}",
                "original_error_msg": "    Checking my_proj v0.1.0 (/home/poil/\u684c\u9762/github/EvoC2rust_work/EvoC2rust/.tmp/created_project/bitset_0_run_001_1769079561090)\nerror[E0412]: cannot find type `bitset_t` in this scope\n --> src/src/bitset_c.rs:5:37\n  |\n5 | pub fn cb_bitset_delete(mut bs: Ptr<bitset_t>) {\n  |                                     ^^^^^^^^ not found in this scope\n  |\nhelp: consider importing this struct\n  |\n1 + use crate::src::include::cborg::bitset_h::bitset_t;\n  |\n\nFor more information about this error, try `rustc --explain E0412`.\nerror: could not compile `my_proj` (lib) due to 1 previous error\n",
                "optimized_error_msg": "    Checking my_proj v0.1.0 (/home/poil/\u684c\u9762/github/EvoC2rust_work/EvoC2rust/.tmp/created_project/bitset_0_run_001_1769079561378)\nerror[E0412]: cannot find type `bitset_t` in this scope\n --> src/src/bitset_c.rs:5:37\n  |\n5 | pub fn cb_bitset_delete(mut bs: Ptr<bitset_t>) {\n  |                                     ^^^^^^^^ not found in this scope\n  |\nhelp: consider importing this struct\n  |\n1 + use crate::src::include::cborg::bitset_h::bitset_t;\n  |\n\nFor more information about this error, try `rustc --explain E0412`.\nerror: could not compile `my_proj` (lib) due to 1 previous error\n"
            },
            {
                "c_code": "size_t cb_bitset_count(bitset_t *bs)\n{\n    return (bs->flip ? (bs->size - bs->count) : bs->count);\n}",
                "original_rust_code": "pub fn cb_bitset_count(bs: Ptr<bitset_t>) -> usize {\n    if bs.flip.as_bool() {\n        bs.size - bs.count\n    } else {\n        bs.count\n    }\n}",
                "optimized_rust_code": "pub fn cb_bitset_count(bs: Ptr<bitset_t>) -> usize {\n    if bs.flip.as_bool() {\n        bs.size - bs.count\n    } else {\n        bs.count\n    }\n}",
                "original_error_msg": "    Checking my_proj v0.1.0 (/home/poil/\u684c\u9762/github/EvoC2rust_work/EvoC2rust/.tmp/created_project/bitset_0_run_001_1769079561533)\nerror[E0412]: cannot find type `bitset_t` in this scope\n --> src/src/bitset_c.rs:7:32\n  |\n7 | pub fn cb_bitset_count(bs: Ptr<bitset_t>) -> usize {\n  |                                ^^^^^^^^ not found in this scope\n  |\nhelp: consider importing this struct\n  |\n1 + use crate::src::include::cborg::bitset_h::bitset_t;\n  |\n\nFor more information about this error, try `rustc --explain E0412`.\nerror: could not compile `my_proj` (lib) due to 1 previous error\n",
                "optimized_error_msg": "    Checking my_proj v0.1.0 (/home/poil/\u684c\u9762/github/EvoC2rust_work/EvoC2rust/.tmp/created_project/bitset_0_run_001_1769079561827)\nerror[E0412]: cannot find type `bitset_t` in this scope\n --> src/src/bitset_c.rs:7:32\n  |\n7 | pub fn cb_bitset_count(bs: Ptr<bitset_t>) -> usize {\n  |                                ^^^^^^^^ not found in this scope\n  |\nhelp: consider importing this struct\n  |\n1 + use crate::src::include::cborg::bitset_h::bitset_t;\n  |\n\nFor more information about this error, try `rustc --explain E0412`.\nerror: could not compile `my_proj` (lib) due to 1 previous error\n"
            },
            {
                "c_code": "size_t cb_bitset_size(bitset_t *bs)\n{\n    return bs->size;\n}",
                "original_rust_code": "pub fn cb_bitset_size(bs: Ptr<bitset_t>) -> usize {\n    bs.size.cast()\n}",
                "optimized_rust_code": "pub fn cb_bitset_size(bs: Ptr<bitset_t>) -> usize {\n    bs.size.cast()\n}",
                "original_error_msg": "    Checking my_proj v0.1.0 (/home/poil/\u684c\u9762/github/EvoC2rust_work/EvoC2rust/.tmp/created_project/bitset_0_run_001_1769079561972)\nerror[E0412]: cannot find type `bitset_t` in this scope\n --> src/src/bitset_c.rs:9:31\n  |\n9 | pub fn cb_bitset_size(bs: Ptr<bitset_t>) -> usize {\n  |                               ^^^^^^^^ not found in this scope\n  |\nhelp: consider importing this struct\n  |\n1 + use crate::src::include::cborg::bitset_h::bitset_t;\n  |\n\nFor more information about this error, try `rustc --explain E0412`.\nerror: could not compile `my_proj` (lib) due to 1 previous error\n",
                "optimized_error_msg": "    Checking my_proj v0.1.0 (/home/poil/\u684c\u9762/github/EvoC2rust_work/EvoC2rust/.tmp/created_project/bitset_0_run_001_1769079562252)\nerror[E0412]: cannot find type `bitset_t` in this scope\n --> src/src/bitset_c.rs:9:31\n  |\n9 | pub fn cb_bitset_size(bs: Ptr<bitset_t>) -> usize {\n  |                               ^^^^^^^^ not found in this scope\n  |\nhelp: consider importing this struct\n  |\n1 + use crate::src::include::cborg::bitset_h::bitset_t;\n  |\n\nFor more information about this error, try `rustc --explain E0412`.\nerror: could not compile `my_proj` (lib) due to 1 previous error\n"
            },
            {
                "c_code": "bool cb_bitset_test(bitset_t *bs, size_t idx)\n{\n    return bs->flip ^ ((bs->array[__bitset_byte(idx)] & __bitset_bit_mask(idx)) != 0);\n}",
                "original_rust_code": "pub fn cb_bitset_test(mut bs: Ptr<bitset_t>, mut idx: usize) -> bool {\n    bs.flip ^ ((bs.array[__BITSET_BYTE!(idx)] & __BITSET_BIT_MASK!(idx)) != 0)\n}",
                "optimized_rust_code": "pub fn cb_bitset_test(mut bs: Ptr<bitset_t>, mut idx: usize) -> bool {\n    bs.flip ^ ((bs.array[__BITSET_BYTE!(idx)] & __BITSET_BIT_MASK!(idx)) != 0)\n}",
                "original_error_msg": "    Checking my_proj v0.1.0 (/home/poil/\u684c\u9762/github/EvoC2rust_work/EvoC2rust/.tmp/created_project/bitset_0_run_001_1769079562397)\nerror: cannot find macro `__BITSET_BYTE` in this scope\n  --> src/src/bitset_c.rs:12:26\n   |\n12 |     bs.flip ^ ((bs.array[__BITSET_BYTE!(idx)] & __BITSET_BIT_MASK!(idx)) != 0)\n   |                          ^^^^^^^^^^^^^\n\nerror: cannot find macro `__BITSET_BIT_MASK` in this scope\n  --> src/src/bitset_c.rs:12:49\n   |\n12 |     bs.flip ^ ((bs.array[__BITSET_BYTE!(idx)] & __BITSET_BIT_MASK!(idx)) != 0)\n   |                                                 ^^^^^^^^^^^^^^^^^\n\nerror[E0412]: cannot find type `bitset_t` in this scope\n  --> src/src/bitset_c.rs:11:35\n   |\n11 | pub fn cb_bitset_test(mut bs: Ptr<bitset_t>, mut idx: usize) -> bool {\n   |                                   ^^^^^^^^ not found in this scope\n   |\nhelp: consider importing this struct\n   |\n1  + use crate::src::include::cborg::bitset_h::bitset_t;\n   |\n\nFor more information about this error, try `rustc --explain E0412`.\nerror: could not compile `my_proj` (lib) due to 3 previous errors\n",
                "optimized_error_msg": "    Checking my_proj v0.1.0 (/home/poil/\u684c\u9762/github/EvoC2rust_work/EvoC2rust/.tmp/created_project/bitset_0_run_001_1769079562699)\nerror: cannot find macro `__BITSET_BYTE` in this scope\n  --> src/src/bitset_c.rs:12:26\n   |\n12 |     bs.flip ^ ((bs.array[__BITSET_BYTE!(idx)] & __BITSET_BIT_MASK!(idx)) != 0)\n   |                          ^^^^^^^^^^^^^\n\nerror: cannot find macro `__BITSET_BIT_MASK` in this scope\n  --> src/src/bitset_c.rs:12:49\n   |\n12 |     bs.flip ^ ((bs.array[__BITSET_BYTE!(idx)] & __BITSET_BIT_MASK!(idx)) != 0)\n   |                                                 ^^^^^^^^^^^^^^^^^\n\nerror[E0412]: cannot find type `bitset_t` in this scope\n  --> src/src/bitset_c.rs:11:35\n   |\n11 | pub fn cb_bitset_test(mut bs: Ptr<bitset_t>, mut idx: usize) -> bool {\n   |                                   ^^^^^^^^ not found in this scope\n   |\nhelp: consider importing this struct\n   |\n1  + use crate::src::include::cborg::bitset_h::bitset_t;\n   |\n\nFor more information about this error, try `rustc --explain E0412`.\nerror: could not compile `my_proj` (lib) due to 3 previous errors\n"
            },
            {
                "c_code": "bool cb_bitset_any(bitset_t *bs)\n{\n    return (bs->flip ? (bs->count != bs->size) : (bs->count != 0));\n}",
                "original_rust_code": "pub fn cb_bitset_any(mut bs: Ptr<bitset_t>) -> bool {\n    if (bs.flip).as_bool() {\n        bs.count != bs.size\n    } else {\n        bs.count != 0\n    }\n}",
                "optimized_rust_code": "pub fn cb_bitset_any(mut bs: Ptr<bitset_t>) -> bool {\n    if (bs.flip).as_bool() {\n        bs.count != bs.size\n    } else {\n        bs.count != 0\n    }\n}",
                "original_error_msg": "    Checking my_proj v0.1.0 (/home/poil/\u684c\u9762/github/EvoC2rust_work/EvoC2rust/.tmp/created_project/bitset_0_run_001_1769079562843)\nerror[E0412]: cannot find type `bitset_t` in this scope\n  --> src/src/bitset_c.rs:13:34\n   |\n13 | pub fn cb_bitset_any(mut bs: Ptr<bitset_t>) -> bool {\n   |                                  ^^^^^^^^ not found in this scope\n   |\nhelp: consider importing this struct\n   |\n1  + use crate::src::include::cborg::bitset_h::bitset_t;\n   |\n\nFor more information about this error, try `rustc --explain E0412`.\nerror: could not compile `my_proj` (lib) due to 1 previous error\n",
                "optimized_error_msg": "    Checking my_proj v0.1.0 (/home/poil/\u684c\u9762/github/EvoC2rust_work/EvoC2rust/.tmp/created_project/bitset_0_run_001_1769079563134)\nerror[E0412]: cannot find type `bitset_t` in this scope\n  --> src/src/bitset_c.rs:13:34\n   |\n13 | pub fn cb_bitset_any(mut bs: Ptr<bitset_t>) -> bool {\n   |                                  ^^^^^^^^ not found in this scope\n   |\nhelp: consider importing this struct\n   |\n1  + use crate::src::include::cborg::bitset_h::bitset_t;\n   |\n\nFor more information about this error, try `rustc --explain E0412`.\nerror: could not compile `my_proj` (lib) due to 1 previous error\n"
            },
            {
                "c_code": "bool cb_bitset_none(bitset_t *bs)\n{\n    return !(cb_bitset_any(bs));\n}",
                "original_rust_code": "pub fn cb_bitset_none(mut bs: Ptr<bitset_t>) -> bool {\n    !cb_bitset_any(bs).cast::<bool>()\n}",
                "optimized_rust_code": "pub fn cb_bitset_none(mut bs: Ptr<bitset_t>) -> bool {\n    !cb_bitset_any(bs).cast::<bool>()\n}",
                "original_error_msg": "    Checking my_proj v0.1.0 (/home/poil/\u684c\u9762/github/EvoC2rust_work/EvoC2rust/.tmp/created_project/bitset_0_run_001_1769079563273)\nerror[E0412]: cannot find type `bitset_t` in this scope\n  --> src/src/bitset_c.rs:15:35\n   |\n15 | pub fn cb_bitset_none(mut bs: Ptr<bitset_t>) -> bool {\n   |                                   ^^^^^^^^ not found in this scope\n   |\nhelp: consider importing this struct\n   |\n1  + use crate::src::include::cborg::bitset_h::bitset_t;\n   |\n\nerror[E0061]: this function takes 0 arguments but 1 argument was supplied\n  --> src/src/bitset_c.rs:16:6\n   |\n16 |     !cb_bitset_any(bs).cast::<bool>()\n   |      ^^^^^^^^^^^^^ -- unexpected argument\n   |\nnote: function defined here\n  --> src/src/bitset_c.rs:13:8\n   |\n13 | pub fn cb_bitset_any() { unimplemented!(); }\n   |        ^^^^^^^^^^^^^\nhelp: remove the extra argument\n   |\n16 -     !cb_bitset_any(bs).cast::<bool>()\n16 +     !cb_bitset_any().cast::<bool>()\n   |\n\nerror[E0277]: the trait bound `(): cast_trait::CastInto<bool>` is not satisfied\n   --> src/src/bitset_c.rs:16:24\n    |\n16  |     !cb_bitset_any(bs).cast::<bool>()\n    |                        ^^^^ the trait `integer::Integer` is not implemented for `()`\n    |\n    = help: the following other types implement trait `integer::Integer`:\n              bool\n              i128\n              i16\n              i32\n              i64\n              i8\n              isize\n              types::num::Num\n            and 6 others\nnote: required for `bool` to implement `cast_trait::CastFrom<()>`\n   --> src/translation_utils/types/integer.rs:195:32\n    |\n195 | impl<I1: Integer, I2: Integer> CastFrom<I1> for I2 {\n    |          -------               ^^^^^^^^^^^^     ^^\n    |          |\n    |          unsatisfied trait bound introduced here\nnote: required for `()` to implement `cast_trait::CastInto<bool>`\n   --> src/translation_utils/types/cast_trait.rs:11:14\n    |\n11  | impl<T1, T2> CastInto<T2> for T1\n    |              ^^^^^^^^^^^^     ^^\n12  | where\n13  |     T2: CastFrom<T1>,\n    |         ------------ unsatisfied trait bound introduced here\nnote: required by a bound in `cast_trait::CastIntoTyped::cast`\n   --> src/translation_utils/types/cast_trait.rs:23:15\n    |\n21  |     fn cast<T>(&mut self) -> T\n    |        ---- required by a bound in this associated function\n22  |     where\n23  |         Self: CastInto<T>,\n    |               ^^^^^^^^^^^ required by this bound in `CastIntoTyped::cast`\n\nSome errors have detailed explanations: E0061, E0277, E0412.\nFor more information about an error, try `rustc --explain E0061`.\nerror: could not compile `my_proj` (lib) due to 3 previous errors\n",
                "optimized_error_msg": "    Checking my_proj v0.1.0 (/home/poil/\u684c\u9762/github/EvoC2rust_work/EvoC2rust/.tmp/created_project/bitset_0_run_001_1769079563562)\nerror[E0412]: cannot find type `bitset_t` in this scope\n  --> src/src/bitset_c.rs:15:35\n   |\n15 | pub fn cb_bitset_none(mut bs: Ptr<bitset_t>) -> bool {\n   |                                   ^^^^^^^^ not found in this scope\n   |\nhelp: consider importing this struct\n   |\n1  + use crate::src::include::cborg::bitset_h::bitset_t;\n   |\n\nerror[E0061]: this function takes 0 arguments but 1 argument was supplied\n  --> src/src/bitset_c.rs:16:6\n   |\n16 |     !cb_bitset_any(bs).cast::<bool>()\n   |      ^^^^^^^^^^^^^ -- unexpected argument\n   |\nnote: function defined here\n  --> src/src/bitset_c.rs:13:8\n   |\n13 | pub fn cb_bitset_any() { unimplemented!(); }\n   |        ^^^^^^^^^^^^^\nhelp: remove the extra argument\n   |\n16 -     !cb_bitset_any(bs).cast::<bool>()\n16 +     !cb_bitset_any().cast::<bool>()\n   |\n\nerror[E0277]: the trait bound `(): cast_trait::CastInto<bool>` is not satisfied\n   --> src/src/bitset_c.rs:16:24\n    |\n16  |     !cb_bitset_any(bs).cast::<bool>()\n    |                        ^^^^ the trait `integer::Integer` is not implemented for `()`\n    |\n    = help: the following other types implement trait `integer::Integer`:\n              bool\n              i128\n              i16\n              i32\n              i64\n              i8\n              isize\n              types::num::Num\n            and 6 others\nnote: required for `bool` to implement `cast_trait::CastFrom<()>`\n   --> src/translation_utils/types/integer.rs:195:32\n    |\n195 | impl<I1: Integer, I2: Integer> CastFrom<I1> for I2 {\n    |          -------               ^^^^^^^^^^^^     ^^\n    |          |\n    |          unsatisfied trait bound introduced here\nnote: required for `()` to implement `cast_trait::CastInto<bool>`\n   --> src/translation_utils/types/cast_trait.rs:11:14\n    |\n11  | impl<T1, T2> CastInto<T2> for T1\n    |              ^^^^^^^^^^^^     ^^\n12  | where\n13  |     T2: CastFrom<T1>,\n    |         ------------ unsatisfied trait bound introduced here\nnote: required by a bound in `cast_trait::CastIntoTyped::cast`\n   --> src/translation_utils/types/cast_trait.rs:23:15\n    |\n21  |     fn cast<T>(&mut self) -> T\n    |        ---- required by a bound in this associated function\n22  |     where\n23  |         Self: CastInto<T>,\n    |               ^^^^^^^^^^^ required by this bound in `CastIntoTyped::cast`\n\nSome errors have detailed explanations: E0061, E0277, E0412.\nFor more information about an error, try `rustc --explain E0061`.\nerror: could not compile `my_proj` (lib) due to 3 previous errors\n"
            },
            {
                "c_code": "bool cb_bitset_all(bitset_t *bs)\n{\n    return (bs->flip ? (bs->count == 0) : (bs->count == bs->size));\n}",
                "original_rust_code": "pub fn cb_bitset_all(mut bs: Ptr<bitset_t>) -> bool {\n    return if (bs.flip).as_bool() { bs.count == 0 } else { bs.count == bs.size };\n}",
                "optimized_rust_code": "pub fn cb_bitset_all(mut bs: Ptr<bitset_t>) -> bool {\n    return if (bs.flip).as_bool() { bs.count == 0 } else { bs.count == bs.size };\n}",
                "original_error_msg": "    Checking my_proj v0.1.0 (/home/poil/\u684c\u9762/github/EvoC2rust_work/EvoC2rust/.tmp/created_project/bitset_0_run_001_1769079563703)\nerror[E0412]: cannot find type `bitset_t` in this scope\n  --> src/src/bitset_c.rs:17:34\n   |\n17 | pub fn cb_bitset_all(mut bs: Ptr<bitset_t>) -> bool {\n   |                                  ^^^^^^^^ not found in this scope\n   |\nhelp: consider importing this struct\n   |\n1  + use crate::src::include::cborg::bitset_h::bitset_t;\n   |\n\nFor more information about this error, try `rustc --explain E0412`.\nerror: could not compile `my_proj` (lib) due to 1 previous error\n",
                "optimized_error_msg": "    Checking my_proj v0.1.0 (/home/poil/\u684c\u9762/github/EvoC2rust_work/EvoC2rust/.tmp/created_project/bitset_0_run_001_1769079564000)\nerror[E0412]: cannot find type `bitset_t` in this scope\n  --> src/src/bitset_c.rs:17:34\n   |\n17 | pub fn cb_bitset_all(mut bs: Ptr<bitset_t>) -> bool {\n   |                                  ^^^^^^^^ not found in this scope\n   |\nhelp: consider importing this struct\n   |\n1  + use crate::src::include::cborg::bitset_h::bitset_t;\n   |\n\nFor more information about this error, try `rustc --explain E0412`.\nerror: could not compile `my_proj` (lib) due to 1 previous error\n"
            },
            {
                "c_code": "void cb_bitset_set(bitset_t *bs, size_t idx, bool value)\n{\n    bool flip_value = bs->flip ? !value : value;\n    size_t previous_count = __builtin_popcount(bs->array[__bitset_byte(idx)]);\n    if (flip_value)\n    {\n        bs->array[__bitset_byte(idx)] |= __bitset_bit_mask(idx);\n    }\n    else\n    {\n        bs->array[__bitset_byte(idx)] &= ~__bitset_bit_mask(idx);\n    }\n    bs->count += (__builtin_popcount(bs->array[__bitset_byte(idx)]) - previous_count);\n}",
                "original_rust_code": "struct bitset_t {\n    array: Array<u8, 1024>,\n    flip: bool,\n    count: usize,\n}\n\npub fn cb_bitset_set(mut bs: Ptr<bitset_t>, mut idx: usize, mut value: bool) {\n    let flip_value = if c_ref!(bs).cast::<Ptr<bitset_t>>().flip { !value } else { value };\n    let previous_count = c_popcount!(c_ref!(bs).cast::<Ptr<bitset_t>>().array[__bitset_byte(idx)]);\n    if flip_value {\n        c_ref!(bs).cast::<Ptr<bitset_t>>().array[__bitset_byte(idx)] |= __bitset_bit_mask(idx);\n    } else {\n        c_ref!(bs).cast::<Ptr<bitset_t>>().array[__bitset_byte(idx)] &= !__bitset_bit_mask(idx);\n    }\n    c_ref!(bs).cast::<Ptr<bitset_t>>().count += (c_popcount!(c_ref!(bs).cast::<Ptr<bitset_t>>().array[__bitset_byte(idx)]) - previous_count);\n}",
                "optimized_rust_code": "struct bitset_t {\n    array: Array<u8, 1024>,\n    flip: bool,\n    count: usize,\n}\n\npub fn cb_bitset_set(mut bs: Ptr<bitset_t>, mut idx: usize, mut value: bool) {\n    let flip_value = if c_ref!(bs).cast::<Ptr<bitset_t>>().flip { !value } else { value };\n    let previous_count = c_popcount!(c_ref!(bs).cast::<Ptr<bitset_t>>().array[__bitset_byte(idx)]);\n    if flip_value {\n        c_ref!(bs).cast::<Ptr<bitset_t>>().array[__bitset_byte(idx)] |= __bitset_bit_mask(idx);\n    } else {\n        c_ref!(bs).cast::<Ptr<bitset_t>>().array[__bitset_byte(idx)] &= !__bitset_bit_mask(idx);\n    }\n    c_ref!(bs).cast::<Ptr<bitset_t>>().count += (c_popcount!(c_ref!(bs).cast::<Ptr<bitset_t>>().array[__bitset_byte(idx)]) - previous_count);\n}",
                "original_error_msg": "    Checking my_proj v0.1.0 (/home/poil/\u684c\u9762/github/EvoC2rust_work/EvoC2rust/.tmp/created_project/bitset_0_run_001_1769079564143)\nerror: cannot find macro `c_popcount` in this scope\n  --> src/src/bitset_c.rs:27:26\n   |\n27 |     let previous_count = c_popcount!(c_ref!(bs).cast::<Ptr<bitset_t>>().array[__bitset_byte(idx)]);\n   |                          ^^^^^^^^^^\n\nerror: cannot find macro `c_popcount` in this scope\n  --> src/src/bitset_c.rs:33:50\n   |\n33 |     c_ref!(bs).cast::<Ptr<bitset_t>>().count += (c_popcount!(c_ref!(bs).cast::<Ptr<bitset_t>>().array[__bitset_byte(idx)]) - previous_cou...\n   |                                                  ^^^^^^^^^^\n\nerror[E0425]: cannot find function `__bitset_byte` in this scope\n  --> src/src/bitset_c.rs:29:50\n   |\n29 |         c_ref!(bs).cast::<Ptr<bitset_t>>().array[__bitset_byte(idx)] |= __bitset_bit_mask(idx);\n   |                                                  ^^^^^^^^^^^^^ not found in this scope\n\nerror[E0425]: cannot find function `__bitset_bit_mask` in this scope\n  --> src/src/bitset_c.rs:29:73\n   |\n29 |         c_ref!(bs).cast::<Ptr<bitset_t>>().array[__bitset_byte(idx)] |= __bitset_bit_mask(idx);\n   |                                                                         ^^^^^^^^^^^^^^^^^ not found in this scope\n\nerror[E0425]: cannot find function `__bitset_byte` in this scope\n  --> src/src/bitset_c.rs:31:50\n   |\n31 |         c_ref!(bs).cast::<Ptr<bitset_t>>().array[__bitset_byte(idx)] &= !__bitset_bit_mask(idx);\n   |                                                  ^^^^^^^^^^^^^ not found in this scope\n\nerror[E0425]: cannot find function `__bitset_bit_mask` in this scope\n  --> src/src/bitset_c.rs:31:74\n   |\n31 |         c_ref!(bs).cast::<Ptr<bitset_t>>().array[__bitset_byte(idx)] &= !__bitset_bit_mask(idx);\n   |                                                                          ^^^^^^^^^^^^^^^^^ not found in this scope\n\nFor more information about this error, try `rustc --explain E0425`.\nerror: could not compile `my_proj` (lib) due to 6 previous errors\n",
                "optimized_error_msg": "    Checking my_proj v0.1.0 (/home/poil/\u684c\u9762/github/EvoC2rust_work/EvoC2rust/.tmp/created_project/bitset_0_run_001_1769079564449)\nerror: cannot find macro `c_popcount` in this scope\n  --> src/src/bitset_c.rs:27:26\n   |\n27 |     let previous_count = c_popcount!(c_ref!(bs).cast::<Ptr<bitset_t>>().array[__bitset_byte(idx)]);\n   |                          ^^^^^^^^^^\n\nerror: cannot find macro `c_popcount` in this scope\n  --> src/src/bitset_c.rs:33:50\n   |\n33 |     c_ref!(bs).cast::<Ptr<bitset_t>>().count += (c_popcount!(c_ref!(bs).cast::<Ptr<bitset_t>>().array[__bitset_byte(idx)]) - previous_cou...\n   |                                                  ^^^^^^^^^^\n\nerror[E0425]: cannot find function `__bitset_byte` in this scope\n  --> src/src/bitset_c.rs:29:50\n   |\n29 |         c_ref!(bs).cast::<Ptr<bitset_t>>().array[__bitset_byte(idx)] |= __bitset_bit_mask(idx);\n   |                                                  ^^^^^^^^^^^^^ not found in this scope\n\nerror[E0425]: cannot find function `__bitset_bit_mask` in this scope\n  --> src/src/bitset_c.rs:29:73\n   |\n29 |         c_ref!(bs).cast::<Ptr<bitset_t>>().array[__bitset_byte(idx)] |= __bitset_bit_mask(idx);\n   |                                                                         ^^^^^^^^^^^^^^^^^ not found in this scope\n\nerror[E0425]: cannot find function `__bitset_byte` in this scope\n  --> src/src/bitset_c.rs:31:50\n   |\n31 |         c_ref!(bs).cast::<Ptr<bitset_t>>().array[__bitset_byte(idx)] &= !__bitset_bit_mask(idx);\n   |                                                  ^^^^^^^^^^^^^ not found in this scope\n\nerror[E0425]: cannot find function `__bitset_bit_mask` in this scope\n  --> src/src/bitset_c.rs:31:74\n   |\n31 |         c_ref!(bs).cast::<Ptr<bitset_t>>().array[__bitset_byte(idx)] &= !__bitset_bit_mask(idx);\n   |                                                                          ^^^^^^^^^^^^^^^^^ not found in this scope\n\nFor more information about this error, try `rustc --explain E0425`.\nerror: could not compile `my_proj` (lib) due to 6 previous errors\n"
            },
            {
                "c_code": "void cb_bitset_reset(bitset_t *bs)\n{\n    memset(bs->array, 0, __bitset_size(bs->size));\n    bs->flip = false;\n    bs->count = 0;\n}",
                "original_rust_code": "pub fn cb_bitset_reset(mut bs: Ptr<bitset_t>) {\n    c_memset_s!(bs.array, __bitset_size(bs.size), 0, __bitset_size(bs.size)).cast::<Void>();\n    bs.flip = false;\n    bs.count = 0;\n}",
                "optimized_rust_code": "pub fn cb_bitset_reset(mut bs: Ptr<bitset_t>) {\n    c_memset_s!(bs.array, __bitset_size(bs.size), 0, __bitset_size(bs.size)).cast::<Void>();\n    bs.flip = false;\n    bs.count = 0;\n}",
                "original_error_msg": "    Checking my_proj v0.1.0 (/home/poil/\u684c\u9762/github/EvoC2rust_work/EvoC2rust/.tmp/created_project/bitset_0_run_001_1769079564600)\nerror[E0412]: cannot find type `bitset_t` in this scope\n  --> src/src/bitset_c.rs:21:36\n   |\n21 | pub fn cb_bitset_reset(mut bs: Ptr<bitset_t>) {\n   |                                    ^^^^^^^^ not found in this scope\n   |\nhelp: consider importing this struct\n   |\n1  + use crate::src::include::cborg::bitset_h::bitset_t;\n   |\n\nerror[E0425]: cannot find function `__bitset_size` in this scope\n  --> src/src/bitset_c.rs:22:27\n   |\n9  | pub fn cb_bitset_size() { unimplemented!(); }\n   | ----------------------- similarly named function `cb_bitset_size` defined here\n...\n22 |     c_memset_s!(bs.array, __bitset_size(bs.size), 0, __bitset_size(bs.size)).cast::<Void>();\n   |                           ^^^^^^^^^^^^^ help: a function with a similar name exists: `cb_bitset_size`\n\nerror[E0425]: cannot find function `__bitset_size` in this scope\n  --> src/src/bitset_c.rs:22:54\n   |\n9  | pub fn cb_bitset_size() { unimplemented!(); }\n   | ----------------------- similarly named function `cb_bitset_size` defined here\n...\n22 |     c_memset_s!(bs.array, __bitset_size(bs.size), 0, __bitset_size(bs.size)).cast::<Void>();\n   |                                                      ^^^^^^^^^^^^^ help: a function with a similar name exists: `cb_bitset_size`\n\nSome errors have detailed explanations: E0412, E0425.\nFor more information about an error, try `rustc --explain E0412`.\nerror: could not compile `my_proj` (lib) due to 3 previous errors\n",
                "optimized_error_msg": "    Checking my_proj v0.1.0 (/home/poil/\u684c\u9762/github/EvoC2rust_work/EvoC2rust/.tmp/created_project/bitset_0_run_001_1769079564903)\nerror[E0412]: cannot find type `bitset_t` in this scope\n  --> src/src/bitset_c.rs:21:36\n   |\n21 | pub fn cb_bitset_reset(mut bs: Ptr<bitset_t>) {\n   |                                    ^^^^^^^^ not found in this scope\n   |\nhelp: consider importing this struct\n   |\n1  + use crate::src::include::cborg::bitset_h::bitset_t;\n   |\n\nerror[E0425]: cannot find function `__bitset_size` in this scope\n  --> src/src/bitset_c.rs:22:27\n   |\n9  | pub fn cb_bitset_size() { unimplemented!(); }\n   | ----------------------- similarly named function `cb_bitset_size` defined here\n...\n22 |     c_memset_s!(bs.array, __bitset_size(bs.size), 0, __bitset_size(bs.size)).cast::<Void>();\n   |                           ^^^^^^^^^^^^^ help: a function with a similar name exists: `cb_bitset_size`\n\nerror[E0425]: cannot find function `__bitset_size` in this scope\n  --> src/src/bitset_c.rs:22:54\n   |\n9  | pub fn cb_bitset_size() { unimplemented!(); }\n   | ----------------------- similarly named function `cb_bitset_size` defined here\n...\n22 |     c_memset_s!(bs.array, __bitset_size(bs.size), 0, __bitset_size(bs.size)).cast::<Void>();\n   |                                                      ^^^^^^^^^^^^^ help: a function with a similar name exists: `cb_bitset_size`\n\nSome errors have detailed explanations: E0412, E0425.\nFor more information about an error, try `rustc --explain E0412`.\nerror: could not compile `my_proj` (lib) due to 3 previous errors\n"
            },
            {
                "c_code": "void cb_bitset_flip(bitset_t *bs)\n{\n    bs->flip = !(bs->flip);\n}",
                "original_rust_code": "pub fn cb_bitset_flip(mut bs: Ptr<bitset_t>) {\n    bs.flip = !bs.flip;\n}",
                "optimized_rust_code": "pub fn cb_bitset_flip(mut bs: Ptr<bitset_t>) {\n    bs.flip = !bs.flip;\n}",
                "original_error_msg": "    Checking my_proj v0.1.0 (/home/poil/\u684c\u9762/github/EvoC2rust_work/EvoC2rust/.tmp/created_project/bitset_0_run_001_1769079565055)\nerror[E0412]: cannot find type `bitset_t` in this scope\n  --> src/src/bitset_c.rs:23:35\n   |\n23 | pub fn cb_bitset_flip(mut bs: Ptr<bitset_t>) {\n   |                                   ^^^^^^^^ not found in this scope\n   |\nhelp: consider importing this struct\n   |\n1  + use crate::src::include::cborg::bitset_h::bitset_t;\n   |\n\nFor more information about this error, try `rustc --explain E0412`.\nerror: could not compile `my_proj` (lib) due to 1 previous error\n",
                "optimized_error_msg": "    Checking my_proj v0.1.0 (/home/poil/\u684c\u9762/github/EvoC2rust_work/EvoC2rust/.tmp/created_project/bitset_0_run_001_1769079565340)\nerror[E0412]: cannot find type `bitset_t` in this scope\n  --> src/src/bitset_c.rs:23:35\n   |\n23 | pub fn cb_bitset_flip(mut bs: Ptr<bitset_t>) {\n   |                                   ^^^^^^^^ not found in this scope\n   |\nhelp: consider importing this struct\n   |\n1  + use crate::src::include::cborg::bitset_h::bitset_t;\n   |\n\nFor more information about this error, try `rustc --explain E0412`.\nerror: could not compile `my_proj` (lib) due to 1 previous error\n"
            },
            {
                "c_code": "char *cb_bitset_to_string(bitset_t *bs)\n{\n    char *res = (char *)malloc(sizeof(char) * (bs->size + 1));\n    for (size_t i = 0; i < bs->size; i++)\n    {\n        res[i] = cb_bitset_test(bs, i) ? '1' : '0';\n    }\n    res[bs->size] = '\\0';\n    return res;\n}",
                "original_rust_code": "pub fn cb_bitset_to_string(mut bs: Ptr<bitset_t>) -> Ptr<u8> {\n    let mut res: Ptr<u8> = c_malloc!(c_sizeof!(u8) * (bs.size + 1));\n    c_for!(let mut i: usize = 0; i < bs.size; i.suffix_plus_plus(); {\n        res[i] = if cb_bitset_test(bs, i) { b'1' } else { b'0' };\n    });\n    res[bs.size] = 0u8;\n    return res;\n}",
                "optimized_rust_code": "pub fn cb_bitset_to_string(mut bs: Ptr<bitset_t>) -> Ptr<u8> {\n    let mut res: Ptr<u8> = c_malloc!(c_sizeof!(u8) * (bs.size + 1));\n    c_for!(let mut i: usize = 0; i < bs.size; i.suffix_plus_plus(); {\n        res[i] = if cb_bitset_test(bs, i) { b'1' } else { b'0' };\n    });\n    res[bs.size] = 0u8;\n    return res;\n}",
                "original_error_msg": "    Checking my_proj v0.1.0 (/home/poil/\u684c\u9762/github/EvoC2rust_work/EvoC2rust/.tmp/created_project/bitset_0_run_001_1769079565480)\nerror[E0412]: cannot find type `bitset_t` in this scope\n  --> src/src/bitset_c.rs:25:40\n   |\n25 | pub fn cb_bitset_to_string(mut bs: Ptr<bitset_t>) -> Ptr<u8> {\n   |                                        ^^^^^^^^ not found in this scope\n   |\nhelp: consider importing this struct\n   |\n1  + use crate::src::include::cborg::bitset_h::bitset_t;\n   |\n\nerror[E0061]: this function takes 0 arguments but 2 arguments were supplied\n  --> src/src/bitset_c.rs:28:21\n   |\n28 |         res[i] = if cb_bitset_test(bs, i) { b'1' } else { b'0' };\n   |                     ^^^^^^^^^^^^^^ --  - unexpected argument #2 of type `usize`\n   |                                    |\n   |                                    unexpected argument #1\n   |\nnote: function defined here\n  --> src/src/bitset_c.rs:11:8\n   |\n11 | pub fn cb_bitset_test() { unimplemented!(); }\n   |        ^^^^^^^^^^^^^^\nhelp: remove the extra arguments\n   |\n28 -         res[i] = if cb_bitset_test(bs, i) { b'1' } else { b'0' };\n28 +         res[i] = if cb_bitset_test() { b'1' } else { b'0' };\n   |\n\nerror[E0308]: mismatched types\n  --> src/src/bitset_c.rs:28:21\n   |\n28 |         res[i] = if cb_bitset_test(bs, i) { b'1' } else { b'0' };\n   |                     ^^^^^^^^^^^^^^^^^^^^^ expected `bool`, found `()`\n\nSome errors have detailed explanations: E0061, E0308, E0412.\nFor more information about an error, try `rustc --explain E0061`.\nerror: could not compile `my_proj` (lib) due to 3 previous errors\n",
                "optimized_error_msg": "    Checking my_proj v0.1.0 (/home/poil/\u684c\u9762/github/EvoC2rust_work/EvoC2rust/.tmp/created_project/bitset_0_run_001_1769079565771)\nerror[E0412]: cannot find type `bitset_t` in this scope\n  --> src/src/bitset_c.rs:25:40\n   |\n25 | pub fn cb_bitset_to_string(mut bs: Ptr<bitset_t>) -> Ptr<u8> {\n   |                                        ^^^^^^^^ not found in this scope\n   |\nhelp: consider importing this struct\n   |\n1  + use crate::src::include::cborg::bitset_h::bitset_t;\n   |\n\nerror[E0061]: this function takes 0 arguments but 2 arguments were supplied\n  --> src/src/bitset_c.rs:28:21\n   |\n28 |         res[i] = if cb_bitset_test(bs, i) { b'1' } else { b'0' };\n   |                     ^^^^^^^^^^^^^^ --  - unexpected argument #2 of type `usize`\n   |                                    |\n   |                                    unexpected argument #1\n   |\nnote: function defined here\n  --> src/src/bitset_c.rs:11:8\n   |\n11 | pub fn cb_bitset_test() { unimplemented!(); }\n   |        ^^^^^^^^^^^^^^\nhelp: remove the extra arguments\n   |\n28 -         res[i] = if cb_bitset_test(bs, i) { b'1' } else { b'0' };\n28 +         res[i] = if cb_bitset_test() { b'1' } else { b'0' };\n   |\n\nerror[E0308]: mismatched types\n  --> src/src/bitset_c.rs:28:21\n   |\n28 |         res[i] = if cb_bitset_test(bs, i) { b'1' } else { b'0' };\n   |                     ^^^^^^^^^^^^^^^^^^^^^ expected `bool`, found `()`\n\nSome errors have detailed explanations: E0061, E0308, E0412.\nFor more information about an error, try `rustc --explain E0061`.\nerror: could not compile `my_proj` (lib) due to 3 previous errors\n"
            },
            {
                "c_code": "void cb_bitset_write(bitset_t *bs, const char *path)\n{\n    FILE *file = fopen(path, \"wb\");\n    size_t bytes_to_write = __bitset_size(bs->size);\n    size_t bytes_writen = 0;\n    size_t total_writen = 0;\n\n    if (file == NULL)\n    {\n        fprintf(stdout, \"%s\\n\", strerror(errno));\n        exit(EXIT_FAILURE);\n    }\n\n    fwrite(&(bs->size), sizeof(size_t), 1, file);\n    fwrite(&(bs->count), sizeof(size_t), 1, file);\n    fwrite(&(bs->flip), sizeof(bool), 1, file);\n    while ((bytes_writen = fwrite(bs->array + total_writen, sizeof(uint8_t), bytes_to_write - total_writen, file)) > 0)\n    {\n        total_writen += bytes_writen;\n    }\n\n    fclose(file);\n}",
                "original_rust_code": "pub fn cb_bitset_write(mut bs: Ptr<bitset_t>, mut path: Ptr<u8>) {\n    let mut file: FilePtr = c_fopen!(path, \"wb\");\n    let mut bytes_to_write: usize = c_bitset_size!(bs.size);\n    let mut bytes_writen: usize = 0;\n    let mut total_writen: usize = 0;\n\n    if (file == NULL!()).as_bool() {\n        let error_msg = c_strerr!(errno);\n        println!(\"{}\", error_msg);\n        std::process::exit(EXIT_FAILURE);\n    }\n\n    c_fwrite!(bs.size, c_sizeof!(size_t), 1, file);\n    c_fwrite!(bs.count, c_sizeof!(size_t), 1, file);\n    c_fwrite!(bs.flip, c_sizeof!(bool), 1, file);\n    while (bytes_writen = c_fwrite!(bs.array + total_writen, c_sizeof!(u8), bytes_to_write - total_writen, file)) > 0 {\n        total_writen += bytes_writen;\n    }\n\n    c_fclose!(file);\n}",
                "optimized_rust_code": "pub fn cb_bitset_write(mut bs: Ptr<bitset_t>, mut path: Ptr<u8>) {\n    let mut file: FilePtr = c_fopen!(path, \"wb\");\n    let mut bytes_to_write: usize = c_bitset_size!(bs.size);\n    let mut bytes_writen: usize = 0;\n    let mut total_writen: usize = 0;\n\n    if (file == NULL!()).as_bool() {\n        let error_msg = c_strerr!(errno);\n        println!(\"{}\", error_msg);\n        std::process::exit(EXIT_FAILURE);\n    }\n\n    c_fwrite!(bs.size, c_sizeof!(size_t), 1, file);\n    c_fwrite!(bs.count, c_sizeof!(size_t), 1, file);\n    c_fwrite!(bs.flip, c_sizeof!(bool), 1, file);\n    while (bytes_writen = c_fwrite!(bs.array + total_writen, c_sizeof!(u8), bytes_to_write - total_writen, file)) > 0 {\n        total_writen += bytes_writen;\n    }\n\n    c_fclose!(file);\n}",
                "original_error_msg": "    Checking my_proj v0.1.0 (/home/poil/\u684c\u9762/github/EvoC2rust_work/EvoC2rust/.tmp/created_project/bitset_0_run_001_1769079565923)\nerror: cannot find macro `c_strerr` in this scope\n  --> src/src/bitset_c.rs:34:25\n   |\n34 |         let error_msg = c_strerr!(errno);\n   |                         ^^^^^^^^\n\nerror: cannot find macro `c_bitset_size` in this scope\n  --> src/src/bitset_c.rs:29:37\n   |\n29 |     let mut bytes_to_write: usize = c_bitset_size!(bs.size);\n   |                                     ^^^^^^^^^^^^^\n\nerror[E0412]: cannot find type `bitset_t` in this scope\n  --> src/src/bitset_c.rs:27:36\n   |\n27 | pub fn cb_bitset_write(mut bs: Ptr<bitset_t>, mut path: Ptr<u8>) {\n   |                                    ^^^^^^^^ not found in this scope\n   |\nhelp: consider importing this struct\n   |\n1  + use crate::src::include::cborg::bitset_h::bitset_t;\n   |\n\nerror[E0425]: cannot find value `EXIT_FAILURE` in this scope\n  --> src/src/bitset_c.rs:36:28\n   |\n36 |         std::process::exit(EXIT_FAILURE);\n   |                            ^^^^^^^^^^^^ not found in this scope\n\nerror[E0412]: cannot find type `size_t` in this scope\n  --> src/src/bitset_c.rs:39:34\n   |\n39 |     c_fwrite!(bs.size, c_sizeof!(size_t), 1, file);\n   |                                  ^^^^^^ not found in this scope\n   |\nhelp: you might be missing a type parameter\n   |\n27 | pub fn cb_bitset_write<size_t>(mut bs: Ptr<bitset_t>, mut path: Ptr<u8>) {\n   |                       ++++++++\n\nerror[E0412]: cannot find type `size_t` in this scope\n  --> src/src/bitset_c.rs:40:35\n   |\n40 |     c_fwrite!(bs.count, c_sizeof!(size_t), 1, file);\n   |                                   ^^^^^^ not found in this scope\n   |\nhelp: you might be missing a type parameter\n   |\n27 | pub fn cb_bitset_write<size_t>(mut bs: Ptr<bitset_t>, mut path: Ptr<u8>) {\n   |                       ++++++++\n\nerror[E0308]: mismatched types\n   --> src/src/bitset_c.rs:28:44\n    |\n28  |     let mut file: FilePtr = c_fopen!(path, \"wb\");\n    |                                            ^^^^ expected `Ptr<u8>`, found `&str`\n    |\n   ::: src/translation_utils/memory/file_ptr.rs:340:9\n    |\n340 |         fopen($filename, $mode)\n    |         ----- arguments to this function are incorrect\n    |\n    = note: expected struct `memory::ptr::Ptr<u8>`\n            found reference `&'static str`\nnote: function defined here\n   --> src/translation_utils/memory/file_ptr.rs:80:8\n    |\n80  | pub fn fopen(mut filename: CStr, mut mode: CStr) -> FilePtr {\n    |        ^^^^^                     --------------\n\nerror[E0308]: mismatched types\n  --> src/src/bitset_c.rs:42:117\n   |\n42 |     while (bytes_writen = c_fwrite!(bs.array + total_writen, c_sizeof!(u8), bytes_to_write - total_writen, file)) > 0 {\n   |           -------------------------------------------------------------------------------------------------------   ^ expected `()`, found integer\n   |           |\n   |           expected because this is `()`\n\nSome errors have detailed explanations: E0308, E0412, E0425.\nFor more information about an error, try `rustc --explain E0308`.\nerror: could not compile `my_proj` (lib) due to 8 previous errors\n",
                "optimized_error_msg": "    Checking my_proj v0.1.0 (/home/poil/\u684c\u9762/github/EvoC2rust_work/EvoC2rust/.tmp/created_project/bitset_0_run_001_1769079566232)\nerror: cannot find macro `c_strerr` in this scope\n  --> src/src/bitset_c.rs:34:25\n   |\n34 |         let error_msg = c_strerr!(errno);\n   |                         ^^^^^^^^\n\nerror: cannot find macro `c_bitset_size` in this scope\n  --> src/src/bitset_c.rs:29:37\n   |\n29 |     let mut bytes_to_write: usize = c_bitset_size!(bs.size);\n   |                                     ^^^^^^^^^^^^^\n\nerror[E0412]: cannot find type `bitset_t` in this scope\n  --> src/src/bitset_c.rs:27:36\n   |\n27 | pub fn cb_bitset_write(mut bs: Ptr<bitset_t>, mut path: Ptr<u8>) {\n   |                                    ^^^^^^^^ not found in this scope\n   |\nhelp: consider importing this struct\n   |\n1  + use crate::src::include::cborg::bitset_h::bitset_t;\n   |\n\nerror[E0425]: cannot find value `EXIT_FAILURE` in this scope\n  --> src/src/bitset_c.rs:36:28\n   |\n36 |         std::process::exit(EXIT_FAILURE);\n   |                            ^^^^^^^^^^^^ not found in this scope\n\nerror[E0412]: cannot find type `size_t` in this scope\n  --> src/src/bitset_c.rs:39:34\n   |\n39 |     c_fwrite!(bs.size, c_sizeof!(size_t), 1, file);\n   |                                  ^^^^^^ not found in this scope\n   |\nhelp: you might be missing a type parameter\n   |\n27 | pub fn cb_bitset_write<size_t>(mut bs: Ptr<bitset_t>, mut path: Ptr<u8>) {\n   |                       ++++++++\n\nerror[E0412]: cannot find type `size_t` in this scope\n  --> src/src/bitset_c.rs:40:35\n   |\n40 |     c_fwrite!(bs.count, c_sizeof!(size_t), 1, file);\n   |                                   ^^^^^^ not found in this scope\n   |\nhelp: you might be missing a type parameter\n   |\n27 | pub fn cb_bitset_write<size_t>(mut bs: Ptr<bitset_t>, mut path: Ptr<u8>) {\n   |                       ++++++++\n\nerror[E0308]: mismatched types\n   --> src/src/bitset_c.rs:28:44\n    |\n28  |     let mut file: FilePtr = c_fopen!(path, \"wb\");\n    |                                            ^^^^ expected `Ptr<u8>`, found `&str`\n    |\n   ::: src/translation_utils/memory/file_ptr.rs:340:9\n    |\n340 |         fopen($filename, $mode)\n    |         ----- arguments to this function are incorrect\n    |\n    = note: expected struct `memory::ptr::Ptr<u8>`\n            found reference `&'static str`\nnote: function defined here\n   --> src/translation_utils/memory/file_ptr.rs:80:8\n    |\n80  | pub fn fopen(mut filename: CStr, mut mode: CStr) -> FilePtr {\n    |        ^^^^^                     --------------\n\nerror[E0308]: mismatched types\n  --> src/src/bitset_c.rs:42:117\n   |\n42 |     while (bytes_writen = c_fwrite!(bs.array + total_writen, c_sizeof!(u8), bytes_to_write - total_writen, file)) > 0 {\n   |           -------------------------------------------------------------------------------------------------------   ^ expected `()`, found integer\n   |           |\n   |           expected because this is `()`\n\nSome errors have detailed explanations: E0308, E0412, E0425.\nFor more information about an error, try `rustc --explain E0308`.\nerror: could not compile `my_proj` (lib) due to 8 previous errors\n"
            },
            {
                "c_code": "bitset_t *cb_bitset_read(const char *path)\n{\n    FILE *file = fopen(path, \"rb\");\n    size_t size = 0;\n\n    if (file == NULL)\n    {\n        fprintf(stdout, \"%s\\n\", strerror(errno));\n        exit(EXIT_FAILURE);\n    }\n\n    fread(&size, sizeof(size_t), 1, file);\n    bitset_t *bs = cb_bitset_new(size);\n    fread(&(bs->count), sizeof(size_t), 1, file);\n    fread(&(bs->flip), sizeof(bool), 1, file);\n    while (fread(bs->array, sizeof(uint8_t), bs->size, file) > 0)\n        ;\n\n    fclose(file);\n    return bs;\n}",
                "original_rust_code": "pub fn cb_bitset_read(mut path: Ptr<u8>) -> Ptr<bitset_t> {\n    let mut file: FilePtr = c_fopen!(path, cstr!(\"rb\"));\n    let mut size: usize = 0;\n    \n    if (file == NULL!()).as_bool() {\n        c_fprintf!(stdout, cstr!(\"%s\\n\"), c_strerror!(errno));\n        c_exit!(EXIT_FAILURE);\n    }\n    \n    c_fread!(size.cast(), c_sizeof!(usize), 1, file);\n    let mut bs: Ptr<bitset_t> = cb_bitset_new!(size);\n    c_fread!(bs.count.cast(), c_sizeof!(usize), 1, file);\n    c_fread!(bs.flip.cast(), c_sizeof!(bool), 1, file);\n    \n    while c_fread!(bs.array.cast(), c_sizeof!(u8), bs.size, file) > 0 {\n        // Do nothing\n    }\n    \n    c_fclose!(file);\n    return bs;\n}",
                "optimized_rust_code": "pub fn cb_bitset_read(mut path: Ptr<u8>) -> Ptr<bitset_t> {\n    let mut file: FilePtr = c_fopen!(path, cstr!(\"rb\"));\n    let mut size: usize = 0;\n    \n    if (file == NULL!()).as_bool() {\n        c_fprintf!(stdout, cstr!(\"%s\\n\"), c_strerror!(errno));\n        c_exit!(EXIT_FAILURE);\n    }\n    \n    c_fread!(size.cast(), c_sizeof!(usize), 1, file);\n    let mut bs: Ptr<bitset_t> = cb_bitset_new!(size);\n    c_fread!(bs.count.cast(), c_sizeof!(usize), 1, file);\n    c_fread!(bs.flip.cast(), c_sizeof!(bool), 1, file);\n    \n    while c_fread!(bs.array.cast(), c_sizeof!(u8), bs.size, file) > 0 {\n        // Do nothing\n    }\n    \n    c_fclose!(file);\n    return bs;\n}",
                "original_error_msg": "    Checking my_proj v0.1.0 (/home/poil/\u684c\u9762/github/EvoC2rust_work/EvoC2rust/.tmp/created_project/bitset_0_run_001_1769079566388)\nerror: cannot find macro `cb_bitset_new` in this scope\n  --> src/src/bitset_c.rs:39:33\n   |\n39 |     let mut bs: Ptr<bitset_t> = cb_bitset_new!(size);\n   |                                 ^^^^^^^^^^^^^\n   |\n   = note: `cb_bitset_new` is in scope, but it is a function, not a macro\n\nerror: cannot find macro `c_exit` in this scope\n  --> src/src/bitset_c.rs:35:9\n   |\n35 |         c_exit!(EXIT_FAILURE);\n   |         ^^^^^^\n\nerror: cannot find macro `c_fprintf` in this scope\n   --> src/src/bitset_c.rs:34:9\n    |\n34  |         c_fprintf!(stdout, cstr!(\"%s\\n\"), c_strerror!(errno));\n    |         ^^^^^^^^^ help: a macro with a similar name exists: `c_printf`\n    |\n   ::: src/translation_utils/c_alignment/libraries/c_string.rs:107:1\n    |\n107 | macro_rules! c_printf {\n    | --------------------- similarly named macro `c_printf` defined here\n\nerror[E0412]: cannot find type `bitset_t` in this scope\n  --> src/src/bitset_c.rs:29:49\n   |\n29 | pub fn cb_bitset_read(mut path: Ptr<u8>) -> Ptr<bitset_t> {\n   |                                                 ^^^^^^^^ not found in this scope\n   |\nhelp: consider importing this struct\n   |\n1  + use crate::src::include::cborg::bitset_h::bitset_t;\n   |\n\nerror[E0412]: cannot find type `bitset_t` in this scope\n  --> src/src/bitset_c.rs:39:21\n   |\n39 |     let mut bs: Ptr<bitset_t> = cb_bitset_new!(size);\n   |                     ^^^^^^^^ not found in this scope\n   |\nhelp: consider importing this struct\n   |\n1  + use crate::src::include::cborg::bitset_h::bitset_t;\n   |\n\nFor more information about this error, try `rustc --explain E0412`.\nerror: could not compile `my_proj` (lib) due to 5 previous errors\n",
                "optimized_error_msg": "    Checking my_proj v0.1.0 (/home/poil/\u684c\u9762/github/EvoC2rust_work/EvoC2rust/.tmp/created_project/bitset_0_run_001_1769079566681)\nerror: cannot find macro `cb_bitset_new` in this scope\n  --> src/src/bitset_c.rs:39:33\n   |\n39 |     let mut bs: Ptr<bitset_t> = cb_bitset_new!(size);\n   |                                 ^^^^^^^^^^^^^\n   |\n   = note: `cb_bitset_new` is in scope, but it is a function, not a macro\n\nerror: cannot find macro `c_exit` in this scope\n  --> src/src/bitset_c.rs:35:9\n   |\n35 |         c_exit!(EXIT_FAILURE);\n   |         ^^^^^^\n\nerror: cannot find macro `c_fprintf` in this scope\n   --> src/src/bitset_c.rs:34:9\n    |\n34  |         c_fprintf!(stdout, cstr!(\"%s\\n\"), c_strerror!(errno));\n    |         ^^^^^^^^^ help: a macro with a similar name exists: `c_printf`\n    |\n   ::: src/translation_utils/c_alignment/libraries/c_string.rs:107:1\n    |\n107 | macro_rules! c_printf {\n    | --------------------- similarly named macro `c_printf` defined here\n\nerror[E0412]: cannot find type `bitset_t` in this scope\n  --> src/src/bitset_c.rs:29:49\n   |\n29 | pub fn cb_bitset_read(mut path: Ptr<u8>) -> Ptr<bitset_t> {\n   |                                                 ^^^^^^^^ not found in this scope\n   |\nhelp: consider importing this struct\n   |\n1  + use crate::src::include::cborg::bitset_h::bitset_t;\n   |\n\nerror[E0412]: cannot find type `bitset_t` in this scope\n  --> src/src/bitset_c.rs:39:21\n   |\n39 |     let mut bs: Ptr<bitset_t> = cb_bitset_new!(size);\n   |                     ^^^^^^^^ not found in this scope\n   |\nhelp: consider importing this struct\n   |\n1  + use crate::src::include::cborg::bitset_h::bitset_t;\n   |\n\nFor more information about this error, try `rustc --explain E0412`.\nerror: could not compile `my_proj` (lib) due to 5 previous errors\n"
            }
        ]
    }
}